 ShortestPath 
Case 1:
0 -> 0 sp=0 
0 -> 1 sp=13 0 -> 1 (13) 
0 -> 2 sp=34 0 -> 1 (13) 1 -> 2 (21) 

Case 2:
0 -> 0 sp=0 
0 -> 1 sp=105 0 -> 4 (38) 4 -> 5 (35) 5 -> 1 (32) 
0 -> 2 sp=26 0 -> 2 (26) 
0 -> 3 sp=99 0 -> 2 (26) 2 -> 7 (34) 7 -> 3 (39) 
0 -> 4 sp=38 0 -> 4 (38) 
0 -> 5 sp=73 0 -> 4 (38) 4 -> 5 (35) 
0 -> 6 sp=151 0 -> 2 (26) 2 -> 7 (34) 7 -> 3 (39) 3 -> 6 (52) 
0 -> 7 sp=60 0 -> 2 (26) 2 -> 7 (34) 

Case 3:
0 -> 0 sp=0 
0 -> 1 sp=50 0 -> 1 (50) 
0 -> 2 sp=140 0 -> 4 (90) 4 -> 5 (40) 5 -> 2 (10) 
0 -> 3 sp=170 0 -> 4 (90) 4 -> 5 (40) 5 -> 2 (10) 2 -> 3 (30) 
0 -> 4 sp=90 0 -> 4 (90) 
0 -> 5 sp=130 0 -> 4 (90) 4 -> 5 (40) 
0 -> 6 sp=250 0 -> 4 (90) 4 -> 5 (40) 5 -> 2 (10) 2 -> 6 (110) 
0 -> 7 sp=80 0 -> 7 (80) 

Case 4:
0 -> 0 sp=0 
0 -> 1 sp=21 0 -> 2 (11) 2 -> 1 (10) 
0 -> 2 sp=11 0 -> 2 (11) 
0 -> 3 sp=35 0 -> 2 (11) 2 -> 3 (24) 
0 -> 4 sp=43 0 -> 2 (11) 2 -> 1 (10) 1 -> 4 (22) 

Case 5:
0 -> 0 sp=0 
0 -> 1 sp=3 0 -> 1 (3) 
0 -> 2 sp=6 0 -> 1 (3) 1 -> 2 (3) 
0 -> 3 sp=9 0 -> 1 (3) 1 -> 2 (3) 2 -> 3 (3) 
0 -> 4 sp=3 0 -> 4 (3) 
0 -> 5 sp=6 0 -> 4 (3) 4 -> 5 (3) 

