This  is  the  example   you
are  actually   considering.

Writing e-mails  is  fun,
and  with  this  program,
they  even   look   nice.

Writing           e-mails
is     fun,      parabum.

Writing           e-mails
is     fun,      parabum.

a
b
c
d
e
f
g
h
i
j
k
l
m
n

a
b
c
d
e
f
g
h
i
j
k
l
m
n

a
b
c
d
e
f
g
h
i
j
k
lm
n

a
b
c
d
e
f
g
h
i
j
kl
m
n

a b
c d
e f
g h
i j
kl
m n

a b
c d
e f
g h
ij
kl
m n

a b
c d
e f
g
hi
j
kl
m n

a b
c d
e f
g
hij
kl
m n

a  b
c  d
e  f
g  h
i  j
kl m
n

a  b
c  d
e  f
g
h ij
kl m
n

a  b
c  d
e  f
g hi
j kl
m  n

a  b
c  d
e  f
g hi
j
klm
n

a b c
d e f
g h i
j  kl
m   n

a b c
d e f
g   h
ij kl
m   n

a b c
d e f
g  hi
j  kl
m   n

a b c
d   e
f   g
hi  j
klm n

a b c
d   e
f   g
hi  j
klmn
o p q

a b c
d   e
f   g
hi  j
klmno
p q r

