 ShortestPath 
Case 1:
0 -> 1 (1.30) 
0 -> 1 (1.30) 1 -> 2 (2.10)  *
0 -> 2 (4.00) 
1 -> 2 (2.10) 
1 -> 2 (2.10) 2 -> 0 (1.20)  *
2 -> 0 (1.20) 
2 -> 0 (1.20) 0 -> 1 (1.30)  *

Case 2:
0 -> 2 (0.26) 
0 -> 2 (0.26) 2 -> 7 (0.34) 
0 -> 2 (0.26) 2 -> 7 (0.34) 7 -> 5 (0.28) 
0 -> 2 (0.26) 2 -> 7 (0.34) 7 -> 5 (0.28) 5 -> 1 (0.32) 
0 -> 2 (0.26) 2 -> 7 (0.34) 7 -> 5 (0.28) 5 -> 1 (0.32) 1 -> 3 (0.29) 
0 -> 2 (0.26) 2 -> 7 (0.34) 7 -> 5 (0.28) 5 -> 1 (0.32) 1 -> 3 (0.29) 3 -> 6 (0.52) 
0 -> 2 (0.26) 2 -> 7 (0.34) 7 -> 5 (0.28) 5 -> 1 (0.32) 1 -> 3 (0.29) 3 -> 6 (0.52) 6 -> 4 (0.93)  *
0 -> 2 (0.26) 2 -> 7 (0.34) 7 -> 5 (0.28) 5 -> 4 (0.35) 
0 -> 2 (0.26) 2 -> 7 (0.34) 7 -> 3 (0.39) 
0 -> 2 (0.26) 2 -> 7 (0.34) 7 -> 3 (0.39) 3 -> 6 (0.52) 
0 -> 2 (0.26) 2 -> 7 (0.34) 7 -> 3 (0.39) 3 -> 6 (0.52) 6 -> 4 (0.93) 
0 -> 2 (0.26) 2 -> 7 (0.34) 7 -> 3 (0.39) 3 -> 6 (0.52) 6 -> 4 (0.93) 4 -> 5 (0.35) 
0 -> 2 (0.26) 2 -> 7 (0.34) 7 -> 3 (0.39) 3 -> 6 (0.52) 6 -> 4 (0.93) 4 -> 5 (0.35) 5 -> 1 (0.32)  *
0 -> 4 (0.38) 
0 -> 4 (0.38) 4 -> 5 (0.35) 
0 -> 4 (0.38) 4 -> 5 (0.35) 5 -> 7 (0.28) 
0 -> 4 (0.38) 4 -> 5 (0.35) 5 -> 7 (0.28) 7 -> 3 (0.39) 
0 -> 4 (0.38) 4 -> 5 (0.35) 5 -> 7 (0.28) 7 -> 3 (0.39) 3 -> 6 (0.52) 
0 -> 4 (0.38) 4 -> 5 (0.35) 5 -> 7 (0.28) 7 -> 3 (0.39) 3 -> 6 (0.52) 6 -> 2 (0.40) 
0 -> 4 (0.38) 4 -> 5 (0.35) 5 -> 1 (0.32) 
0 -> 4 (0.38) 4 -> 5 (0.35) 5 -> 1 (0.32) 1 -> 3 (0.29) 
0 -> 4 (0.38) 4 -> 5 (0.35) 5 -> 1 (0.32) 1 -> 3 (0.29) 3 -> 6 (0.52) 
0 -> 4 (0.38) 4 -> 5 (0.35) 5 -> 1 (0.32) 1 -> 3 (0.29) 3 -> 6 (0.52) 6 -> 2 (0.40) 
0 -> 4 (0.38) 4 -> 5 (0.35) 5 -> 1 (0.32) 1 -> 3 (0.29) 3 -> 6 (0.52) 6 -> 2 (0.40) 2 -> 7 (0.34)  *
0 -> 4 (0.38) 4 -> 7 (0.37) 
0 -> 4 (0.38) 4 -> 7 (0.37) 7 -> 5 (0.28) 
0 -> 4 (0.38) 4 -> 7 (0.37) 7 -> 5 (0.28) 5 -> 1 (0.32) 
0 -> 4 (0.38) 4 -> 7 (0.37) 7 -> 5 (0.28) 5 -> 1 (0.32) 1 -> 3 (0.29) 
0 -> 4 (0.38) 4 -> 7 (0.37) 7 -> 5 (0.28) 5 -> 1 (0.32) 1 -> 3 (0.29) 3 -> 6 (0.52) 
0 -> 4 (0.38) 4 -> 7 (0.37) 7 -> 5 (0.28) 5 -> 1 (0.32) 1 -> 3 (0.29) 3 -> 6 (0.52) 6 -> 2 (0.40)  *
0 -> 4 (0.38) 4 -> 7 (0.37) 7 -> 3 (0.39) 
0 -> 4 (0.38) 4 -> 7 (0.37) 7 -> 3 (0.39) 3 -> 6 (0.52) 
0 -> 4 (0.38) 4 -> 7 (0.37) 7 -> 3 (0.39) 3 -> 6 (0.52) 6 -> 2 (0.40) 
1 -> 3 (0.29) 
1 -> 3 (0.29) 3 -> 6 (0.52) 
1 -> 3 (0.29) 3 -> 6 (0.52) 6 -> 2 (0.40) 
1 -> 3 (0.29) 3 -> 6 (0.52) 6 -> 2 (0.40) 2 -> 7 (0.34) 
1 -> 3 (0.29) 3 -> 6 (0.52) 6 -> 2 (0.40) 2 -> 7 (0.34) 7 -> 5 (0.28) 
1 -> 3 (0.29) 3 -> 6 (0.52) 6 -> 2 (0.40) 2 -> 7 (0.34) 7 -> 5 (0.28) 5 -> 4 (0.35) 
1 -> 3 (0.29) 3 -> 6 (0.52) 6 -> 0 (0.58) 
1 -> 3 (0.29) 3 -> 6 (0.52) 6 -> 0 (0.58) 0 -> 2 (0.26) 
1 -> 3 (0.29) 3 -> 6 (0.52) 6 -> 0 (0.58) 0 -> 2 (0.26) 2 -> 7 (0.34) 
1 -> 3 (0.29) 3 -> 6 (0.52) 6 -> 0 (0.58) 0 -> 2 (0.26) 2 -> 7 (0.34) 7 -> 5 (0.28) 
1 -> 3 (0.29) 3 -> 6 (0.52) 6 -> 0 (0.58) 0 -> 2 (0.26) 2 -> 7 (0.34) 7 -> 5 (0.28) 5 -> 4 (0.35)  *
1 -> 3 (0.29) 3 -> 6 (0.52) 6 -> 0 (0.58) 0 -> 4 (0.38) 
1 -> 3 (0.29) 3 -> 6 (0.52) 6 -> 0 (0.58) 0 -> 4 (0.38) 4 -> 5 (0.35) 
1 -> 3 (0.29) 3 -> 6 (0.52) 6 -> 0 (0.58) 0 -> 4 (0.38) 4 -> 5 (0.35) 5 -> 7 (0.28) 
1 -> 3 (0.29) 3 -> 6 (0.52) 6 -> 0 (0.58) 0 -> 4 (0.38) 4 -> 7 (0.37) 
1 -> 3 (0.29) 3 -> 6 (0.52) 6 -> 0 (0.58) 0 -> 4 (0.38) 4 -> 7 (0.37) 7 -> 5 (0.28) 
1 -> 3 (0.29) 3 -> 6 (0.52) 6 -> 4 (0.93) 
1 -> 3 (0.29) 3 -> 6 (0.52) 6 -> 4 (0.93) 4 -> 5 (0.35) 
1 -> 3 (0.29) 3 -> 6 (0.52) 6 -> 4 (0.93) 4 -> 5 (0.35) 5 -> 7 (0.28) 
1 -> 3 (0.29) 3 -> 6 (0.52) 6 -> 4 (0.93) 4 -> 7 (0.37) 
1 -> 3 (0.29) 3 -> 6 (0.52) 6 -> 4 (0.93) 4 -> 7 (0.37) 7 -> 5 (0.28) 
2 -> 7 (0.34) 
2 -> 7 (0.34) 7 -> 5 (0.28) 
2 -> 7 (0.34) 7 -> 5 (0.28) 5 -> 1 (0.32) 
2 -> 7 (0.34) 7 -> 5 (0.28) 5 -> 1 (0.32) 1 -> 3 (0.29) 
2 -> 7 (0.34) 7 -> 5 (0.28) 5 -> 1 (0.32) 1 -> 3 (0.29) 3 -> 6 (0.52) 
2 -> 7 (0.34) 7 -> 5 (0.28) 5 -> 1 (0.32) 1 -> 3 (0.29) 3 -> 6 (0.52) 6 -> 0 (0.58) 
2 -> 7 (0.34) 7 -> 5 (0.28) 5 -> 1 (0.32) 1 -> 3 (0.29) 3 -> 6 (0.52) 6 -> 0 (0.58) 0 -> 4 (0.38)  *
2 -> 7 (0.34) 7 -> 5 (0.28) 5 -> 1 (0.32) 1 -> 3 (0.29) 3 -> 6 (0.52) 6 -> 4 (0.93) 
2 -> 7 (0.34) 7 -> 5 (0.28) 5 -> 4 (0.35) 
2 -> 7 (0.34) 7 -> 3 (0.39) 
2 -> 7 (0.34) 7 -> 3 (0.39) 3 -> 6 (0.52) 
2 -> 7 (0.34) 7 -> 3 (0.39) 3 -> 6 (0.52) 6 -> 0 (0.58) 
2 -> 7 (0.34) 7 -> 3 (0.39) 3 -> 6 (0.52) 6 -> 0 (0.58) 0 -> 4 (0.38) 
2 -> 7 (0.34) 7 -> 3 (0.39) 3 -> 6 (0.52) 6 -> 0 (0.58) 0 -> 4 (0.38) 4 -> 5 (0.35) 
2 -> 7 (0.34) 7 -> 3 (0.39) 3 -> 6 (0.52) 6 -> 0 (0.58) 0 -> 4 (0.38) 4 -> 5 (0.35) 5 -> 1 (0.32)  *
2 -> 7 (0.34) 7 -> 3 (0.39) 3 -> 6 (0.52) 6 -> 4 (0.93) 
2 -> 7 (0.34) 7 -> 3 (0.39) 3 -> 6 (0.52) 6 -> 4 (0.93) 4 -> 5 (0.35) 
2 -> 7 (0.34) 7 -> 3 (0.39) 3 -> 6 (0.52) 6 -> 4 (0.93) 4 -> 5 (0.35) 5 -> 1 (0.32) 
3 -> 6 (0.52) 
3 -> 6 (0.52) 6 -> 2 (0.40) 
3 -> 6 (0.52) 6 -> 2 (0.40) 2 -> 7 (0.34) 
3 -> 6 (0.52) 6 -> 2 (0.40) 2 -> 7 (0.34) 7 -> 5 (0.28) 
3 -> 6 (0.52) 6 -> 2 (0.40) 2 -> 7 (0.34) 7 -> 5 (0.28) 5 -> 1 (0.32) 
3 -> 6 (0.52) 6 -> 2 (0.40) 2 -> 7 (0.34) 7 -> 5 (0.28) 5 -> 4 (0.35) 
3 -> 6 (0.52) 6 -> 0 (0.58) 
3 -> 6 (0.52) 6 -> 0 (0.58) 0 -> 2 (0.26) 
3 -> 6 (0.52) 6 -> 0 (0.58) 0 -> 2 (0.26) 2 -> 7 (0.34) 
3 -> 6 (0.52) 6 -> 0 (0.58) 0 -> 2 (0.26) 2 -> 7 (0.34) 7 -> 5 (0.28) 
3 -> 6 (0.52) 6 -> 0 (0.58) 0 -> 2 (0.26) 2 -> 7 (0.34) 7 -> 5 (0.28) 5 -> 1 (0.32) 
3 -> 6 (0.52) 6 -> 0 (0.58) 0 -> 2 (0.26) 2 -> 7 (0.34) 7 -> 5 (0.28) 5 -> 4 (0.35) 
3 -> 6 (0.52) 6 -> 0 (0.58) 0 -> 4 (0.38) 
3 -> 6 (0.52) 6 -> 0 (0.58) 0 -> 4 (0.38) 4 -> 5 (0.35) 
3 -> 6 (0.52) 6 -> 0 (0.58) 0 -> 4 (0.38) 4 -> 5 (0.35) 5 -> 7 (0.28) 
3 -> 6 (0.52) 6 -> 0 (0.58) 0 -> 4 (0.38) 4 -> 5 (0.35) 5 -> 1 (0.32) 
3 -> 6 (0.52) 6 -> 0 (0.58) 0 -> 4 (0.38) 4 -> 7 (0.37) 
3 -> 6 (0.52) 6 -> 0 (0.58) 0 -> 4 (0.38) 4 -> 7 (0.37) 7 -> 5 (0.28) 
3 -> 6 (0.52) 6 -> 0 (0.58) 0 -> 4 (0.38) 4 -> 7 (0.37) 7 -> 5 (0.28) 5 -> 1 (0.32) 
3 -> 6 (0.52) 6 -> 4 (0.93) 
3 -> 6 (0.52) 6 -> 4 (0.93) 4 -> 5 (0.35) 
3 -> 6 (0.52) 6 -> 4 (0.93) 4 -> 5 (0.35) 5 -> 7 (0.28) 
3 -> 6 (0.52) 6 -> 4 (0.93) 4 -> 5 (0.35) 5 -> 1 (0.32) 
3 -> 6 (0.52) 6 -> 4 (0.93) 4 -> 7 (0.37) 
3 -> 6 (0.52) 6 -> 4 (0.93) 4 -> 7 (0.37) 7 -> 5 (0.28) 
3 -> 6 (0.52) 6 -> 4 (0.93) 4 -> 7 (0.37) 7 -> 5 (0.28) 5 -> 1 (0.32) 
4 -> 5 (0.35) 
4 -> 5 (0.35) 5 -> 7 (0.28) 
4 -> 5 (0.35) 5 -> 7 (0.28) 7 -> 3 (0.39) 
4 -> 5 (0.35) 5 -> 7 (0.28) 7 -> 3 (0.39) 3 -> 6 (0.52) 
4 -> 5 (0.35) 5 -> 7 (0.28) 7 -> 3 (0.39) 3 -> 6 (0.52) 6 -> 2 (0.40) 
4 -> 5 (0.35) 5 -> 7 (0.28) 7 -> 3 (0.39) 3 -> 6 (0.52) 6 -> 0 (0.58) 
4 -> 5 (0.35) 5 -> 7 (0.28) 7 -> 3 (0.39) 3 -> 6 (0.52) 6 -> 0 (0.58) 0 -> 2 (0.26) 
4 -> 5 (0.35) 5 -> 1 (0.32) 
4 -> 5 (0.35) 5 -> 1 (0.32) 1 -> 3 (0.29) 
4 -> 5 (0.35) 5 -> 1 (0.32) 1 -> 3 (0.29) 3 -> 6 (0.52) 
4 -> 5 (0.35) 5 -> 1 (0.32) 1 -> 3 (0.29) 3 -> 6 (0.52) 6 -> 2 (0.40) 
4 -> 5 (0.35) 5 -> 1 (0.32) 1 -> 3 (0.29) 3 -> 6 (0.52) 6 -> 2 (0.40) 2 -> 7 (0.34) 
4 -> 5 (0.35) 5 -> 1 (0.32) 1 -> 3 (0.29) 3 -> 6 (0.52) 6 -> 0 (0.58) 
4 -> 5 (0.35) 5 -> 1 (0.32) 1 -> 3 (0.29) 3 -> 6 (0.52) 6 -> 0 (0.58) 0 -> 2 (0.26) 
4 -> 5 (0.35) 5 -> 1 (0.32) 1 -> 3 (0.29) 3 -> 6 (0.52) 6 -> 0 (0.58) 0 -> 2 (0.26) 2 -> 7 (0.34)  *
4 -> 7 (0.37) 
4 -> 7 (0.37) 7 -> 5 (0.28) 
4 -> 7 (0.37) 7 -> 5 (0.28) 5 -> 1 (0.32) 
4 -> 7 (0.37) 7 -> 5 (0.28) 5 -> 1 (0.32) 1 -> 3 (0.29) 
4 -> 7 (0.37) 7 -> 5 (0.28) 5 -> 1 (0.32) 1 -> 3 (0.29) 3 -> 6 (0.52) 
4 -> 7 (0.37) 7 -> 5 (0.28) 5 -> 1 (0.32) 1 -> 3 (0.29) 3 -> 6 (0.52) 6 -> 2 (0.40) 
4 -> 7 (0.37) 7 -> 5 (0.28) 5 -> 1 (0.32) 1 -> 3 (0.29) 3 -> 6 (0.52) 6 -> 0 (0.58) 
4 -> 7 (0.37) 7 -> 5 (0.28) 5 -> 1 (0.32) 1 -> 3 (0.29) 3 -> 6 (0.52) 6 -> 0 (0.58) 0 -> 2 (0.26)  *
4 -> 7 (0.37) 7 -> 3 (0.39) 
4 -> 7 (0.37) 7 -> 3 (0.39) 3 -> 6 (0.52) 
4 -> 7 (0.37) 7 -> 3 (0.39) 3 -> 6 (0.52) 6 -> 2 (0.40) 
4 -> 7 (0.37) 7 -> 3 (0.39) 3 -> 6 (0.52) 6 -> 0 (0.58) 
4 -> 7 (0.37) 7 -> 3 (0.39) 3 -> 6 (0.52) 6 -> 0 (0.58) 0 -> 2 (0.26) 
5 -> 7 (0.28) 
5 -> 7 (0.28) 7 -> 3 (0.39) 
5 -> 7 (0.28) 7 -> 3 (0.39) 3 -> 6 (0.52) 
5 -> 7 (0.28) 7 -> 3 (0.39) 3 -> 6 (0.52) 6 -> 2 (0.40) 
5 -> 7 (0.28) 7 -> 3 (0.39) 3 -> 6 (0.52) 6 -> 0 (0.58) 
5 -> 7 (0.28) 7 -> 3 (0.39) 3 -> 6 (0.52) 6 -> 0 (0.58) 0 -> 2 (0.26) 
5 -> 7 (0.28) 7 -> 3 (0.39) 3 -> 6 (0.52) 6 -> 0 (0.58) 0 -> 4 (0.38) 
5 -> 7 (0.28) 7 -> 3 (0.39) 3 -> 6 (0.52) 6 -> 4 (0.93) 
5 -> 1 (0.32) 
5 -> 1 (0.32) 1 -> 3 (0.29) 
5 -> 1 (0.32) 1 -> 3 (0.29) 3 -> 6 (0.52) 
5 -> 1 (0.32) 1 -> 3 (0.29) 3 -> 6 (0.52) 6 -> 2 (0.40) 
5 -> 1 (0.32) 1 -> 3 (0.29) 3 -> 6 (0.52) 6 -> 2 (0.40) 2 -> 7 (0.34) 
5 -> 1 (0.32) 1 -> 3 (0.29) 3 -> 6 (0.52) 6 -> 0 (0.58) 
5 -> 1 (0.32) 1 -> 3 (0.29) 3 -> 6 (0.52) 6 -> 0 (0.58) 0 -> 2 (0.26) 
5 -> 1 (0.32) 1 -> 3 (0.29) 3 -> 6 (0.52) 6 -> 0 (0.58) 0 -> 2 (0.26) 2 -> 7 (0.34) 
5 -> 1 (0.32) 1 -> 3 (0.29) 3 -> 6 (0.52) 6 -> 0 (0.58) 0 -> 4 (0.38) 
5 -> 1 (0.32) 1 -> 3 (0.29) 3 -> 6 (0.52) 6 -> 0 (0.58) 0 -> 4 (0.38) 4 -> 7 (0.37) 
5 -> 1 (0.32) 1 -> 3 (0.29) 3 -> 6 (0.52) 6 -> 4 (0.93) 
5 -> 1 (0.32) 1 -> 3 (0.29) 3 -> 6 (0.52) 6 -> 4 (0.93) 4 -> 7 (0.37) 
5 -> 4 (0.35) 
5 -> 4 (0.35) 4 -> 7 (0.37) 
5 -> 4 (0.35) 4 -> 7 (0.37) 7 -> 3 (0.39) 
5 -> 4 (0.35) 4 -> 7 (0.37) 7 -> 3 (0.39) 3 -> 6 (0.52) 
5 -> 4 (0.35) 4 -> 7 (0.37) 7 -> 3 (0.39) 3 -> 6 (0.52) 6 -> 2 (0.40) 
5 -> 4 (0.35) 4 -> 7 (0.37) 7 -> 3 (0.39) 3 -> 6 (0.52) 6 -> 0 (0.58) 
5 -> 4 (0.35) 4 -> 7 (0.37) 7 -> 3 (0.39) 3 -> 6 (0.52) 6 -> 0 (0.58) 0 -> 2 (0.26) 
6 -> 2 (0.40) 
6 -> 2 (0.40) 2 -> 7 (0.34) 
6 -> 2 (0.40) 2 -> 7 (0.34) 7 -> 5 (0.28) 
6 -> 2 (0.40) 2 -> 7 (0.34) 7 -> 5 (0.28) 5 -> 1 (0.32) 
6 -> 2 (0.40) 2 -> 7 (0.34) 7 -> 5 (0.28) 5 -> 1 (0.32) 1 -> 3 (0.29) 
6 -> 2 (0.40) 2 -> 7 (0.34) 7 -> 5 (0.28) 5 -> 4 (0.35) 
6 -> 2 (0.40) 2 -> 7 (0.34) 7 -> 3 (0.39) 
6 -> 0 (0.58) 
6 -> 0 (0.58) 0 -> 2 (0.26) 
6 -> 0 (0.58) 0 -> 2 (0.26) 2 -> 7 (0.34) 
6 -> 0 (0.58) 0 -> 2 (0.26) 2 -> 7 (0.34) 7 -> 5 (0.28) 
6 -> 0 (0.58) 0 -> 2 (0.26) 2 -> 7 (0.34) 7 -> 5 (0.28) 5 -> 1 (0.32) 
6 -> 0 (0.58) 0 -> 2 (0.26) 2 -> 7 (0.34) 7 -> 5 (0.28) 5 -> 1 (0.32) 1 -> 3 (0.29) 
6 -> 0 (0.58) 0 -> 2 (0.26) 2 -> 7 (0.34) 7 -> 5 (0.28) 5 -> 4 (0.35) 
6 -> 0 (0.58) 0 -> 2 (0.26) 2 -> 7 (0.34) 7 -> 3 (0.39) 
6 -> 0 (0.58) 0 -> 4 (0.38) 
6 -> 0 (0.58) 0 -> 4 (0.38) 4 -> 5 (0.35) 
6 -> 0 (0.58) 0 -> 4 (0.38) 4 -> 5 (0.35) 5 -> 7 (0.28) 
6 -> 0 (0.58) 0 -> 4 (0.38) 4 -> 5 (0.35) 5 -> 7 (0.28) 7 -> 3 (0.39) 
6 -> 0 (0.58) 0 -> 4 (0.38) 4 -> 5 (0.35) 5 -> 1 (0.32) 
6 -> 0 (0.58) 0 -> 4 (0.38) 4 -> 5 (0.35) 5 -> 1 (0.32) 1 -> 3 (0.29) 
6 -> 0 (0.58) 0 -> 4 (0.38) 4 -> 7 (0.37) 
6 -> 0 (0.58) 0 -> 4 (0.38) 4 -> 7 (0.37) 7 -> 5 (0.28) 
6 -> 0 (0.58) 0 -> 4 (0.38) 4 -> 7 (0.37) 7 -> 5 (0.28) 5 -> 1 (0.32) 
6 -> 0 (0.58) 0 -> 4 (0.38) 4 -> 7 (0.37) 7 -> 5 (0.28) 5 -> 1 (0.32) 1 -> 3 (0.29) 
6 -> 0 (0.58) 0 -> 4 (0.38) 4 -> 7 (0.37) 7 -> 3 (0.39) 
6 -> 4 (0.93) 
6 -> 4 (0.93) 4 -> 5 (0.35) 
6 -> 4 (0.93) 4 -> 5 (0.35) 5 -> 7 (0.28) 
6 -> 4 (0.93) 4 -> 5 (0.35) 5 -> 7 (0.28) 7 -> 3 (0.39) 
6 -> 4 (0.93) 4 -> 5 (0.35) 5 -> 1 (0.32) 
6 -> 4 (0.93) 4 -> 5 (0.35) 5 -> 1 (0.32) 1 -> 3 (0.29) 
6 -> 4 (0.93) 4 -> 7 (0.37) 
6 -> 4 (0.93) 4 -> 7 (0.37) 7 -> 5 (0.28) 
6 -> 4 (0.93) 4 -> 7 (0.37) 7 -> 5 (0.28) 5 -> 1 (0.32) 
6 -> 4 (0.93) 4 -> 7 (0.37) 7 -> 5 (0.28) 5 -> 1 (0.32) 1 -> 3 (0.29) 
6 -> 4 (0.93) 4 -> 7 (0.37) 7 -> 3 (0.39) 
7 -> 5 (0.28) 
7 -> 5 (0.28) 5 -> 1 (0.32) 
7 -> 5 (0.28) 5 -> 1 (0.32) 1 -> 3 (0.29) 
7 -> 5 (0.28) 5 -> 1 (0.32) 1 -> 3 (0.29) 3 -> 6 (0.52) 
7 -> 5 (0.28) 5 -> 1 (0.32) 1 -> 3 (0.29) 3 -> 6 (0.52) 6 -> 2 (0.40) 
7 -> 5 (0.28) 5 -> 1 (0.32) 1 -> 3 (0.29) 3 -> 6 (0.52) 6 -> 0 (0.58) 
7 -> 5 (0.28) 5 -> 1 (0.32) 1 -> 3 (0.29) 3 -> 6 (0.52) 6 -> 0 (0.58) 0 -> 2 (0.26) 
7 -> 5 (0.28) 5 -> 1 (0.32) 1 -> 3 (0.29) 3 -> 6 (0.52) 6 -> 0 (0.58) 0 -> 4 (0.38) 
7 -> 5 (0.28) 5 -> 1 (0.32) 1 -> 3 (0.29) 3 -> 6 (0.52) 6 -> 4 (0.93) 
7 -> 5 (0.28) 5 -> 4 (0.35) 
7 -> 3 (0.39) 
7 -> 3 (0.39) 3 -> 6 (0.52) 
7 -> 3 (0.39) 3 -> 6 (0.52) 6 -> 2 (0.40) 
7 -> 3 (0.39) 3 -> 6 (0.52) 6 -> 0 (0.58) 
7 -> 3 (0.39) 3 -> 6 (0.52) 6 -> 0 (0.58) 0 -> 2 (0.26) 
7 -> 3 (0.39) 3 -> 6 (0.52) 6 -> 0 (0.58) 0 -> 4 (0.38) 
7 -> 3 (0.39) 3 -> 6 (0.52) 6 -> 0 (0.58) 0 -> 4 (0.38) 4 -> 5 (0.35) 
7 -> 3 (0.39) 3 -> 6 (0.52) 6 -> 0 (0.58) 0 -> 4 (0.38) 4 -> 5 (0.35) 5 -> 1 (0.32) 
7 -> 3 (0.39) 3 -> 6 (0.52) 6 -> 4 (0.93) 
7 -> 3 (0.39) 3 -> 6 (0.52) 6 -> 4 (0.93) 4 -> 5 (0.35) 
7 -> 3 (0.39) 3 -> 6 (0.52) 6 -> 4 (0.93) 4 -> 5 (0.35) 5 -> 1 (0.32) 

Case 3:
0 -> 1 (5.00) 
0 -> 1 (5.00) 1 -> 7 (4.00) 
0 -> 1 (5.00) 1 -> 7 (4.00) 7 -> 5 (6.00) 
0 -> 1 (5.00) 1 -> 7 (4.00) 7 -> 5 (6.00) 5 -> 2 (1.00) 
0 -> 1 (5.00) 1 -> 7 (4.00) 7 -> 5 (6.00) 5 -> 2 (1.00) 2 -> 3 (3.00) 
0 -> 1 (5.00) 1 -> 7 (4.00) 7 -> 5 (6.00) 5 -> 2 (1.00) 2 -> 3 (3.00) 3 -> 6 (9.00) 
0 -> 1 (5.00) 1 -> 7 (4.00) 7 -> 5 (6.00) 5 -> 2 (1.00) 2 -> 6 (11.00) 
0 -> 1 (5.00) 1 -> 7 (4.00) 7 -> 5 (6.00) 5 -> 6 (13.00) 
0 -> 1 (5.00) 1 -> 7 (4.00) 7 -> 2 (7.00) 
0 -> 1 (5.00) 1 -> 7 (4.00) 7 -> 2 (7.00) 2 -> 3 (3.00) 
0 -> 1 (5.00) 1 -> 7 (4.00) 7 -> 2 (7.00) 2 -> 3 (3.00) 3 -> 6 (9.00) 
0 -> 1 (5.00) 1 -> 7 (4.00) 7 -> 2 (7.00) 2 -> 6 (11.00) 
0 -> 1 (5.00) 1 -> 2 (12.00) 
0 -> 1 (5.00) 1 -> 2 (12.00) 2 -> 3 (3.00) 
0 -> 1 (5.00) 1 -> 2 (12.00) 2 -> 3 (3.00) 3 -> 6 (9.00) 
0 -> 1 (5.00) 1 -> 2 (12.00) 2 -> 6 (11.00) 
0 -> 1 (5.00) 1 -> 3 (15.00) 
0 -> 1 (5.00) 1 -> 3 (15.00) 3 -> 6 (9.00) 
0 -> 7 (8.00) 
0 -> 7 (8.00) 7 -> 5 (6.00) 
0 -> 7 (8.00) 7 -> 5 (6.00) 5 -> 2 (1.00) 
0 -> 7 (8.00) 7 -> 5 (6.00) 5 -> 2 (1.00) 2 -> 3 (3.00) 
0 -> 7 (8.00) 7 -> 5 (6.00) 5 -> 2 (1.00) 2 -> 3 (3.00) 3 -> 6 (9.00) 
0 -> 7 (8.00) 7 -> 5 (6.00) 5 -> 2 (1.00) 2 -> 6 (11.00) 
0 -> 7 (8.00) 7 -> 5 (6.00) 5 -> 6 (13.00) 
0 -> 7 (8.00) 7 -> 2 (7.00) 
0 -> 7 (8.00) 7 -> 2 (7.00) 2 -> 3 (3.00) 
0 -> 7 (8.00) 7 -> 2 (7.00) 2 -> 3 (3.00) 3 -> 6 (9.00) 
0 -> 7 (8.00) 7 -> 2 (7.00) 2 -> 6 (11.00) 
0 -> 4 (9.00) 
0 -> 4 (9.00) 4 -> 5 (4.00) 
0 -> 4 (9.00) 4 -> 5 (4.00) 5 -> 2 (1.00) 
0 -> 4 (9.00) 4 -> 5 (4.00) 5 -> 2 (1.00) 2 -> 3 (3.00) 
0 -> 4 (9.00) 4 -> 5 (4.00) 5 -> 2 (1.00) 2 -> 3 (3.00) 3 -> 6 (9.00) 
0 -> 4 (9.00) 4 -> 5 (4.00) 5 -> 2 (1.00) 2 -> 6 (11.00) 
0 -> 4 (9.00) 4 -> 5 (4.00) 5 -> 6 (13.00) 
0 -> 4 (9.00) 4 -> 7 (5.00) 
0 -> 4 (9.00) 4 -> 7 (5.00) 7 -> 5 (6.00) 
0 -> 4 (9.00) 4 -> 7 (5.00) 7 -> 5 (6.00) 5 -> 2 (1.00) 
0 -> 4 (9.00) 4 -> 7 (5.00) 7 -> 5 (6.00) 5 -> 2 (1.00) 2 -> 3 (3.00) 
0 -> 4 (9.00) 4 -> 7 (5.00) 7 -> 5 (6.00) 5 -> 2 (1.00) 2 -> 3 (3.00) 3 -> 6 (9.00) 
0 -> 4 (9.00) 4 -> 7 (5.00) 7 -> 5 (6.00) 5 -> 2 (1.00) 2 -> 6 (11.00) 
0 -> 4 (9.00) 4 -> 7 (5.00) 7 -> 5 (6.00) 5 -> 6 (13.00) 
0 -> 4 (9.00) 4 -> 7 (5.00) 7 -> 2 (7.00) 
0 -> 4 (9.00) 4 -> 7 (5.00) 7 -> 2 (7.00) 2 -> 3 (3.00) 
0 -> 4 (9.00) 4 -> 7 (5.00) 7 -> 2 (7.00) 2 -> 3 (3.00) 3 -> 6 (9.00) 
0 -> 4 (9.00) 4 -> 7 (5.00) 7 -> 2 (7.00) 2 -> 6 (11.00) 
0 -> 4 (9.00) 4 -> 6 (20.00) 
1 -> 7 (4.00) 
1 -> 7 (4.00) 7 -> 5 (6.00) 
1 -> 7 (4.00) 7 -> 5 (6.00) 5 -> 2 (1.00) 
1 -> 7 (4.00) 7 -> 5 (6.00) 5 -> 2 (1.00) 2 -> 3 (3.00) 
1 -> 7 (4.00) 7 -> 5 (6.00) 5 -> 2 (1.00) 2 -> 3 (3.00) 3 -> 6 (9.00) 
1 -> 7 (4.00) 7 -> 5 (6.00) 5 -> 2 (1.00) 2 -> 6 (11.00) 
1 -> 7 (4.00) 7 -> 5 (6.00) 5 -> 6 (13.00) 
1 -> 7 (4.00) 7 -> 2 (7.00) 
1 -> 7 (4.00) 7 -> 2 (7.00) 2 -> 3 (3.00) 
1 -> 7 (4.00) 7 -> 2 (7.00) 2 -> 3 (3.00) 3 -> 6 (9.00) 
1 -> 7 (4.00) 7 -> 2 (7.00) 2 -> 6 (11.00) 
1 -> 2 (12.00) 
1 -> 2 (12.00) 2 -> 3 (3.00) 
1 -> 2 (12.00) 2 -> 3 (3.00) 3 -> 6 (9.00) 
1 -> 2 (12.00) 2 -> 6 (11.00) 
1 -> 3 (15.00) 
1 -> 3 (15.00) 3 -> 6 (9.00) 
2 -> 3 (3.00) 
2 -> 3 (3.00) 3 -> 6 (9.00) 
2 -> 6 (11.00) 
3 -> 6 (9.00) 
4 -> 5 (4.00) 
4 -> 5 (4.00) 5 -> 2 (1.00) 
4 -> 5 (4.00) 5 -> 2 (1.00) 2 -> 3 (3.00) 
4 -> 5 (4.00) 5 -> 2 (1.00) 2 -> 3 (3.00) 3 -> 6 (9.00) 
4 -> 5 (4.00) 5 -> 2 (1.00) 2 -> 6 (11.00) 
4 -> 5 (4.00) 5 -> 6 (13.00) 
4 -> 7 (5.00) 
4 -> 7 (5.00) 7 -> 5 (6.00) 
4 -> 7 (5.00) 7 -> 5 (6.00) 5 -> 2 (1.00) 
4 -> 7 (5.00) 7 -> 5 (6.00) 5 -> 2 (1.00) 2 -> 3 (3.00) 
4 -> 7 (5.00) 7 -> 5 (6.00) 5 -> 2 (1.00) 2 -> 3 (3.00) 3 -> 6 (9.00) 
4 -> 7 (5.00) 7 -> 5 (6.00) 5 -> 2 (1.00) 2 -> 6 (11.00) 
4 -> 7 (5.00) 7 -> 5 (6.00) 5 -> 6 (13.00) 
4 -> 7 (5.00) 7 -> 2 (7.00) 
4 -> 7 (5.00) 7 -> 2 (7.00) 2 -> 3 (3.00) 
4 -> 7 (5.00) 7 -> 2 (7.00) 2 -> 3 (3.00) 3 -> 6 (9.00) 
4 -> 7 (5.00) 7 -> 2 (7.00) 2 -> 6 (11.00) 
4 -> 6 (20.00) 
5 -> 2 (1.00) 
5 -> 2 (1.00) 2 -> 3 (3.00) 
5 -> 2 (1.00) 2 -> 3 (3.00) 3 -> 6 (9.00) 
5 -> 2 (1.00) 2 -> 6 (11.00) 
5 -> 6 (13.00) 
7 -> 5 (6.00) 
7 -> 5 (6.00) 5 -> 2 (1.00) 
7 -> 5 (6.00) 5 -> 2 (1.00) 2 -> 3 (3.00) 
7 -> 5 (6.00) 5 -> 2 (1.00) 2 -> 3 (3.00) 3 -> 6 (9.00) 
7 -> 5 (6.00) 5 -> 2 (1.00) 2 -> 6 (11.00) 
7 -> 5 (6.00) 5 -> 6 (13.00) 
7 -> 2 (7.00) 
7 -> 2 (7.00) 2 -> 3 (3.00) 
7 -> 2 (7.00) 2 -> 3 (3.00) 3 -> 6 (9.00) 
7 -> 2 (7.00) 2 -> 6 (11.00) 

Case 4:
0 -> 2 (1.10) 
0 -> 2 (1.10) 2 -> 1 (1.00) 
0 -> 2 (1.10) 2 -> 1 (1.00) 1 -> 4 (2.20) 
0 -> 2 (1.10) 2 -> 1 (1.00) 1 -> 3 (3.30) 
0 -> 2 (1.10) 2 -> 1 (1.00) 1 -> 3 (3.30) 3 -> 4 (1.10)  *
0 -> 2 (1.10) 2 -> 3 (2.40) 
0 -> 2 (1.10) 2 -> 3 (2.40) 3 -> 1 (0.30) 
0 -> 2 (1.10) 2 -> 3 (2.40) 3 -> 1 (0.30) 1 -> 4 (2.20)  *
0 -> 2 (1.10) 2 -> 3 (2.40) 3 -> 4 (1.10) 
0 -> 2 (1.10) 2 -> 4 (5.80) 
0 -> 1 (2.60) 
0 -> 1 (2.60) 1 -> 4 (2.20) 
0 -> 1 (2.60) 1 -> 3 (3.30) 
0 -> 1 (2.60) 1 -> 3 (3.30) 3 -> 4 (1.10) 
0 -> 3 (4.20) 
0 -> 3 (4.20) 3 -> 1 (0.30) 
0 -> 3 (4.20) 3 -> 1 (0.30) 1 -> 4 (2.20) 
0 -> 3 (4.20) 3 -> 4 (1.10) 
0 -> 4 (5.60) 
1 -> 4 (2.20) 
1 -> 3 (3.30) 
1 -> 3 (3.30) 3 -> 4 (1.10) 
2 -> 1 (1.00) 
2 -> 1 (1.00) 1 -> 4 (2.20) 
2 -> 1 (1.00) 1 -> 3 (3.30) 
2 -> 1 (1.00) 1 -> 3 (3.30) 3 -> 4 (1.10) 
2 -> 3 (2.40) 
2 -> 3 (2.40) 3 -> 1 (0.30) 
2 -> 3 (2.40) 3 -> 1 (0.30) 1 -> 4 (2.20) 
2 -> 3 (2.40) 3 -> 4 (1.10) 
2 -> 4 (5.80) 
3 -> 1 (0.30) 
3 -> 1 (0.30) 1 -> 4 (2.20) 
3 -> 4 (1.10) 

Case 5:
0 -> 2 (0.26) 
0 -> 2 (0.26) 2 -> 7 (0.34) 
0 -> 2 (0.26) 2 -> 7 (0.34) 7 -> 5 (0.28) 
0 -> 2 (0.26) 2 -> 7 (0.34) 7 -> 5 (0.28) 5 -> 4 (-0.66) 
0 -> 2 (0.26) 2 -> 7 (0.34) 7 -> 5 (0.28) 5 -> 1 (0.32) 
0 -> 2 (0.26) 2 -> 7 (0.34) 7 -> 5 (0.28) 5 -> 1 (0.32) 1 -> 3 (0.29) 
0 -> 2 (0.26) 2 -> 7 (0.34) 7 -> 5 (0.28) 5 -> 1 (0.32) 1 -> 3 (0.29) 3 -> 6 (0.52) 
0 -> 2 (0.26) 2 -> 7 (0.34) 7 -> 5 (0.28) 5 -> 1 (0.32) 1 -> 3 (0.29) 3 -> 6 (0.52) 6 -> 4 (0.93)  *
0 -> 2 (0.26) 2 -> 7 (0.34) 7 -> 3 (0.39) 
0 -> 2 (0.26) 2 -> 7 (0.34) 7 -> 3 (0.39) 3 -> 6 (0.52) 
0 -> 2 (0.26) 2 -> 7 (0.34) 7 -> 3 (0.39) 3 -> 6 (0.52) 6 -> 4 (0.93) 
0 -> 2 (0.26) 2 -> 7 (0.34) 7 -> 3 (0.39) 3 -> 6 (0.52) 6 -> 4 (0.93) 4 -> 5 (0.35) 
0 -> 2 (0.26) 2 -> 7 (0.34) 7 -> 3 (0.39) 3 -> 6 (0.52) 6 -> 4 (0.93) 4 -> 5 (0.35) 5 -> 1 (0.32)  *
0 -> 4 (0.38) 
0 -> 4 (0.38) 4 -> 5 (0.35) 
0 -> 4 (0.38) 4 -> 5 (0.35) 5 -> 7 (0.28) 
0 -> 4 (0.38) 4 -> 5 (0.35) 5 -> 7 (0.28) 7 -> 3 (0.39) 
0 -> 4 (0.38) 4 -> 5 (0.35) 5 -> 7 (0.28) 7 -> 3 (0.39) 3 -> 6 (0.52) 
0 -> 4 (0.38) 4 -> 5 (0.35) 5 -> 7 (0.28) 7 -> 3 (0.39) 3 -> 6 (0.52) 6 -> 2 (0.40) 
0 -> 4 (0.38) 4 -> 5 (0.35) 5 -> 1 (0.32) 
0 -> 4 (0.38) 4 -> 5 (0.35) 5 -> 1 (0.32) 1 -> 3 (0.29) 
0 -> 4 (0.38) 4 -> 5 (0.35) 5 -> 1 (0.32) 1 -> 3 (0.29) 3 -> 6 (0.52) 
0 -> 4 (0.38) 4 -> 5 (0.35) 5 -> 1 (0.32) 1 -> 3 (0.29) 3 -> 6 (0.52) 6 -> 2 (0.40) 
0 -> 4 (0.38) 4 -> 5 (0.35) 5 -> 1 (0.32) 1 -> 3 (0.29) 3 -> 6 (0.52) 6 -> 2 (0.40) 2 -> 7 (0.34)  *
0 -> 4 (0.38) 4 -> 7 (0.37) 
0 -> 4 (0.38) 4 -> 7 (0.37) 7 -> 5 (0.28) 
0 -> 4 (0.38) 4 -> 7 (0.37) 7 -> 5 (0.28) 5 -> 1 (0.32) 
0 -> 4 (0.38) 4 -> 7 (0.37) 7 -> 5 (0.28) 5 -> 1 (0.32) 1 -> 3 (0.29) 
0 -> 4 (0.38) 4 -> 7 (0.37) 7 -> 5 (0.28) 5 -> 1 (0.32) 1 -> 3 (0.29) 3 -> 6 (0.52) 
0 -> 4 (0.38) 4 -> 7 (0.37) 7 -> 5 (0.28) 5 -> 1 (0.32) 1 -> 3 (0.29) 3 -> 6 (0.52) 6 -> 2 (0.40)  *
0 -> 4 (0.38) 4 -> 7 (0.37) 7 -> 3 (0.39) 
0 -> 4 (0.38) 4 -> 7 (0.37) 7 -> 3 (0.39) 3 -> 6 (0.52) 
0 -> 4 (0.38) 4 -> 7 (0.37) 7 -> 3 (0.39) 3 -> 6 (0.52) 6 -> 2 (0.40) 
1 -> 3 (0.29) 
1 -> 3 (0.29) 3 -> 6 (0.52) 
1 -> 3 (0.29) 3 -> 6 (0.52) 6 -> 2 (0.40) 
1 -> 3 (0.29) 3 -> 6 (0.52) 6 -> 2 (0.40) 2 -> 7 (0.34) 
1 -> 3 (0.29) 3 -> 6 (0.52) 6 -> 2 (0.40) 2 -> 7 (0.34) 7 -> 5 (0.28) 
1 -> 3 (0.29) 3 -> 6 (0.52) 6 -> 2 (0.40) 2 -> 7 (0.34) 7 -> 5 (0.28) 5 -> 4 (-0.66) 
1 -> 3 (0.29) 3 -> 6 (0.52) 6 -> 0 (0.58) 
1 -> 3 (0.29) 3 -> 6 (0.52) 6 -> 0 (0.58) 0 -> 2 (0.26) 
1 -> 3 (0.29) 3 -> 6 (0.52) 6 -> 0 (0.58) 0 -> 2 (0.26) 2 -> 7 (0.34) 
1 -> 3 (0.29) 3 -> 6 (0.52) 6 -> 0 (0.58) 0 -> 2 (0.26) 2 -> 7 (0.34) 7 -> 5 (0.28) 
1 -> 3 (0.29) 3 -> 6 (0.52) 6 -> 0 (0.58) 0 -> 2 (0.26) 2 -> 7 (0.34) 7 -> 5 (0.28) 5 -> 4 (-0.66)  *
1 -> 3 (0.29) 3 -> 6 (0.52) 6 -> 0 (0.58) 0 -> 4 (0.38) 
1 -> 3 (0.29) 3 -> 6 (0.52) 6 -> 0 (0.58) 0 -> 4 (0.38) 4 -> 5 (0.35) 
1 -> 3 (0.29) 3 -> 6 (0.52) 6 -> 0 (0.58) 0 -> 4 (0.38) 4 -> 5 (0.35) 5 -> 7 (0.28) 
1 -> 3 (0.29) 3 -> 6 (0.52) 6 -> 0 (0.58) 0 -> 4 (0.38) 4 -> 7 (0.37) 
1 -> 3 (0.29) 3 -> 6 (0.52) 6 -> 0 (0.58) 0 -> 4 (0.38) 4 -> 7 (0.37) 7 -> 5 (0.28) 
1 -> 3 (0.29) 3 -> 6 (0.52) 6 -> 4 (0.93) 
1 -> 3 (0.29) 3 -> 6 (0.52) 6 -> 4 (0.93) 4 -> 5 (0.35) 
1 -> 3 (0.29) 3 -> 6 (0.52) 6 -> 4 (0.93) 4 -> 5 (0.35) 5 -> 7 (0.28) 
1 -> 3 (0.29) 3 -> 6 (0.52) 6 -> 4 (0.93) 4 -> 7 (0.37) 
1 -> 3 (0.29) 3 -> 6 (0.52) 6 -> 4 (0.93) 4 -> 7 (0.37) 7 -> 5 (0.28) 
2 -> 7 (0.34) 
2 -> 7 (0.34) 7 -> 5 (0.28) 
2 -> 7 (0.34) 7 -> 5 (0.28) 5 -> 4 (-0.66) 
2 -> 7 (0.34) 7 -> 5 (0.28) 5 -> 1 (0.32) 
2 -> 7 (0.34) 7 -> 5 (0.28) 5 -> 1 (0.32) 1 -> 3 (0.29) 
2 -> 7 (0.34) 7 -> 5 (0.28) 5 -> 1 (0.32) 1 -> 3 (0.29) 3 -> 6 (0.52) 
2 -> 7 (0.34) 7 -> 5 (0.28) 5 -> 1 (0.32) 1 -> 3 (0.29) 3 -> 6 (0.52) 6 -> 0 (0.58) 
2 -> 7 (0.34) 7 -> 5 (0.28) 5 -> 1 (0.32) 1 -> 3 (0.29) 3 -> 6 (0.52) 6 -> 0 (0.58) 0 -> 4 (0.38)  *
2 -> 7 (0.34) 7 -> 5 (0.28) 5 -> 1 (0.32) 1 -> 3 (0.29) 3 -> 6 (0.52) 6 -> 4 (0.93) 
2 -> 7 (0.34) 7 -> 3 (0.39) 
2 -> 7 (0.34) 7 -> 3 (0.39) 3 -> 6 (0.52) 
2 -> 7 (0.34) 7 -> 3 (0.39) 3 -> 6 (0.52) 6 -> 0 (0.58) 
2 -> 7 (0.34) 7 -> 3 (0.39) 3 -> 6 (0.52) 6 -> 0 (0.58) 0 -> 4 (0.38) 
2 -> 7 (0.34) 7 -> 3 (0.39) 3 -> 6 (0.52) 6 -> 0 (0.58) 0 -> 4 (0.38) 4 -> 5 (0.35) 
2 -> 7 (0.34) 7 -> 3 (0.39) 3 -> 6 (0.52) 6 -> 0 (0.58) 0 -> 4 (0.38) 4 -> 5 (0.35) 5 -> 1 (0.32)  *
2 -> 7 (0.34) 7 -> 3 (0.39) 3 -> 6 (0.52) 6 -> 4 (0.93) 
2 -> 7 (0.34) 7 -> 3 (0.39) 3 -> 6 (0.52) 6 -> 4 (0.93) 4 -> 5 (0.35) 
2 -> 7 (0.34) 7 -> 3 (0.39) 3 -> 6 (0.52) 6 -> 4 (0.93) 4 -> 5 (0.35) 5 -> 1 (0.32) 
3 -> 6 (0.52) 
3 -> 6 (0.52) 6 -> 2 (0.40) 
3 -> 6 (0.52) 6 -> 2 (0.40) 2 -> 7 (0.34) 
3 -> 6 (0.52) 6 -> 2 (0.40) 2 -> 7 (0.34) 7 -> 5 (0.28) 
3 -> 6 (0.52) 6 -> 2 (0.40) 2 -> 7 (0.34) 7 -> 5 (0.28) 5 -> 4 (-0.66) 
3 -> 6 (0.52) 6 -> 2 (0.40) 2 -> 7 (0.34) 7 -> 5 (0.28) 5 -> 1 (0.32) 
3 -> 6 (0.52) 6 -> 0 (0.58) 
3 -> 6 (0.52) 6 -> 0 (0.58) 0 -> 2 (0.26) 
3 -> 6 (0.52) 6 -> 0 (0.58) 0 -> 2 (0.26) 2 -> 7 (0.34) 
3 -> 6 (0.52) 6 -> 0 (0.58) 0 -> 2 (0.26) 2 -> 7 (0.34) 7 -> 5 (0.28) 
3 -> 6 (0.52) 6 -> 0 (0.58) 0 -> 2 (0.26) 2 -> 7 (0.34) 7 -> 5 (0.28) 5 -> 4 (-0.66) 
3 -> 6 (0.52) 6 -> 0 (0.58) 0 -> 2 (0.26) 2 -> 7 (0.34) 7 -> 5 (0.28) 5 -> 1 (0.32) 
3 -> 6 (0.52) 6 -> 0 (0.58) 0 -> 4 (0.38) 
3 -> 6 (0.52) 6 -> 0 (0.58) 0 -> 4 (0.38) 4 -> 5 (0.35) 
3 -> 6 (0.52) 6 -> 0 (0.58) 0 -> 4 (0.38) 4 -> 5 (0.35) 5 -> 7 (0.28) 
3 -> 6 (0.52) 6 -> 0 (0.58) 0 -> 4 (0.38) 4 -> 5 (0.35) 5 -> 1 (0.32) 
3 -> 6 (0.52) 6 -> 0 (0.58) 0 -> 4 (0.38) 4 -> 7 (0.37) 
3 -> 6 (0.52) 6 -> 0 (0.58) 0 -> 4 (0.38) 4 -> 7 (0.37) 7 -> 5 (0.28) 
3 -> 6 (0.52) 6 -> 0 (0.58) 0 -> 4 (0.38) 4 -> 7 (0.37) 7 -> 5 (0.28) 5 -> 1 (0.32) 
3 -> 6 (0.52) 6 -> 4 (0.93) 
3 -> 6 (0.52) 6 -> 4 (0.93) 4 -> 5 (0.35) 
3 -> 6 (0.52) 6 -> 4 (0.93) 4 -> 5 (0.35) 5 -> 7 (0.28) 
3 -> 6 (0.52) 6 -> 4 (0.93) 4 -> 5 (0.35) 5 -> 1 (0.32) 
3 -> 6 (0.52) 6 -> 4 (0.93) 4 -> 7 (0.37) 
3 -> 6 (0.52) 6 -> 4 (0.93) 4 -> 7 (0.37) 7 -> 5 (0.28) 
3 -> 6 (0.52) 6 -> 4 (0.93) 4 -> 7 (0.37) 7 -> 5 (0.28) 5 -> 1 (0.32) 
4 -> 5 (0.35) 
4 -> 5 (0.35) 5 -> 7 (0.28) 
4 -> 5 (0.35) 5 -> 7 (0.28) 7 -> 3 (0.39) 
4 -> 5 (0.35) 5 -> 7 (0.28) 7 -> 3 (0.39) 3 -> 6 (0.52) 
4 -> 5 (0.35) 5 -> 7 (0.28) 7 -> 3 (0.39) 3 -> 6 (0.52) 6 -> 2 (0.40) 
4 -> 5 (0.35) 5 -> 7 (0.28) 7 -> 3 (0.39) 3 -> 6 (0.52) 6 -> 0 (0.58) 
4 -> 5 (0.35) 5 -> 7 (0.28) 7 -> 3 (0.39) 3 -> 6 (0.52) 6 -> 0 (0.58) 0 -> 2 (0.26) 
4 -> 5 (0.35) 5 -> 1 (0.32) 
4 -> 5 (0.35) 5 -> 1 (0.32) 1 -> 3 (0.29) 
4 -> 5 (0.35) 5 -> 1 (0.32) 1 -> 3 (0.29) 3 -> 6 (0.52) 
4 -> 5 (0.35) 5 -> 1 (0.32) 1 -> 3 (0.29) 3 -> 6 (0.52) 6 -> 2 (0.40) 
4 -> 5 (0.35) 5 -> 1 (0.32) 1 -> 3 (0.29) 3 -> 6 (0.52) 6 -> 2 (0.40) 2 -> 7 (0.34) 
4 -> 5 (0.35) 5 -> 1 (0.32) 1 -> 3 (0.29) 3 -> 6 (0.52) 6 -> 0 (0.58) 
4 -> 5 (0.35) 5 -> 1 (0.32) 1 -> 3 (0.29) 3 -> 6 (0.52) 6 -> 0 (0.58) 0 -> 2 (0.26) 
4 -> 5 (0.35) 5 -> 1 (0.32) 1 -> 3 (0.29) 3 -> 6 (0.52) 6 -> 0 (0.58) 0 -> 2 (0.26) 2 -> 7 (0.34)  *
4 -> 7 (0.37) 
4 -> 7 (0.37) 7 -> 5 (0.28) 
4 -> 7 (0.37) 7 -> 5 (0.28) 5 -> 1 (0.32) 
4 -> 7 (0.37) 7 -> 5 (0.28) 5 -> 1 (0.32) 1 -> 3 (0.29) 
4 -> 7 (0.37) 7 -> 5 (0.28) 5 -> 1 (0.32) 1 -> 3 (0.29) 3 -> 6 (0.52) 
4 -> 7 (0.37) 7 -> 5 (0.28) 5 -> 1 (0.32) 1 -> 3 (0.29) 3 -> 6 (0.52) 6 -> 2 (0.40) 
4 -> 7 (0.37) 7 -> 5 (0.28) 5 -> 1 (0.32) 1 -> 3 (0.29) 3 -> 6 (0.52) 6 -> 0 (0.58) 
4 -> 7 (0.37) 7 -> 5 (0.28) 5 -> 1 (0.32) 1 -> 3 (0.29) 3 -> 6 (0.52) 6 -> 0 (0.58) 0 -> 2 (0.26)  *
4 -> 7 (0.37) 7 -> 3 (0.39) 
4 -> 7 (0.37) 7 -> 3 (0.39) 3 -> 6 (0.52) 
4 -> 7 (0.37) 7 -> 3 (0.39) 3 -> 6 (0.52) 6 -> 2 (0.40) 
4 -> 7 (0.37) 7 -> 3 (0.39) 3 -> 6 (0.52) 6 -> 0 (0.58) 
4 -> 7 (0.37) 7 -> 3 (0.39) 3 -> 6 (0.52) 6 -> 0 (0.58) 0 -> 2 (0.26) 
5 -> 4 (-0.66) 
5 -> 4 (-0.66) 4 -> 7 (0.37) 
5 -> 4 (-0.66) 4 -> 7 (0.37) 7 -> 3 (0.39) 
5 -> 4 (-0.66) 4 -> 7 (0.37) 7 -> 3 (0.39) 3 -> 6 (0.52) 
5 -> 4 (-0.66) 4 -> 7 (0.37) 7 -> 3 (0.39) 3 -> 6 (0.52) 6 -> 2 (0.40) 
5 -> 4 (-0.66) 4 -> 7 (0.37) 7 -> 3 (0.39) 3 -> 6 (0.52) 6 -> 0 (0.58) 
5 -> 4 (-0.66) 4 -> 7 (0.37) 7 -> 3 (0.39) 3 -> 6 (0.52) 6 -> 0 (0.58) 0 -> 2 (0.26) 
5 -> 7 (0.28) 
5 -> 7 (0.28) 7 -> 3 (0.39) 
5 -> 7 (0.28) 7 -> 3 (0.39) 3 -> 6 (0.52) 
5 -> 7 (0.28) 7 -> 3 (0.39) 3 -> 6 (0.52) 6 -> 2 (0.40) 
5 -> 7 (0.28) 7 -> 3 (0.39) 3 -> 6 (0.52) 6 -> 0 (0.58) 
5 -> 7 (0.28) 7 -> 3 (0.39) 3 -> 6 (0.52) 6 -> 0 (0.58) 0 -> 2 (0.26) 
5 -> 7 (0.28) 7 -> 3 (0.39) 3 -> 6 (0.52) 6 -> 0 (0.58) 0 -> 4 (0.38) 
5 -> 7 (0.28) 7 -> 3 (0.39) 3 -> 6 (0.52) 6 -> 4 (0.93) 
5 -> 1 (0.32) 
5 -> 1 (0.32) 1 -> 3 (0.29) 
5 -> 1 (0.32) 1 -> 3 (0.29) 3 -> 6 (0.52) 
5 -> 1 (0.32) 1 -> 3 (0.29) 3 -> 6 (0.52) 6 -> 2 (0.40) 
5 -> 1 (0.32) 1 -> 3 (0.29) 3 -> 6 (0.52) 6 -> 2 (0.40) 2 -> 7 (0.34) 
5 -> 1 (0.32) 1 -> 3 (0.29) 3 -> 6 (0.52) 6 -> 0 (0.58) 
5 -> 1 (0.32) 1 -> 3 (0.29) 3 -> 6 (0.52) 6 -> 0 (0.58) 0 -> 2 (0.26) 
5 -> 1 (0.32) 1 -> 3 (0.29) 3 -> 6 (0.52) 6 -> 0 (0.58) 0 -> 2 (0.26) 2 -> 7 (0.34) 
5 -> 1 (0.32) 1 -> 3 (0.29) 3 -> 6 (0.52) 6 -> 0 (0.58) 0 -> 4 (0.38) 
5 -> 1 (0.32) 1 -> 3 (0.29) 3 -> 6 (0.52) 6 -> 0 (0.58) 0 -> 4 (0.38) 4 -> 7 (0.37) 
5 -> 1 (0.32) 1 -> 3 (0.29) 3 -> 6 (0.52) 6 -> 4 (0.93) 
5 -> 1 (0.32) 1 -> 3 (0.29) 3 -> 6 (0.52) 6 -> 4 (0.93) 4 -> 7 (0.37) 
6 -> 2 (0.40) 
6 -> 2 (0.40) 2 -> 7 (0.34) 
6 -> 2 (0.40) 2 -> 7 (0.34) 7 -> 5 (0.28) 
6 -> 2 (0.40) 2 -> 7 (0.34) 7 -> 5 (0.28) 5 -> 4 (-0.66) 
6 -> 2 (0.40) 2 -> 7 (0.34) 7 -> 5 (0.28) 5 -> 1 (0.32) 
6 -> 2 (0.40) 2 -> 7 (0.34) 7 -> 5 (0.28) 5 -> 1 (0.32) 1 -> 3 (0.29) 
6 -> 2 (0.40) 2 -> 7 (0.34) 7 -> 3 (0.39) 
6 -> 0 (0.58) 
6 -> 0 (0.58) 0 -> 2 (0.26) 
6 -> 0 (0.58) 0 -> 2 (0.26) 2 -> 7 (0.34) 
6 -> 0 (0.58) 0 -> 2 (0.26) 2 -> 7 (0.34) 7 -> 5 (0.28) 
6 -> 0 (0.58) 0 -> 2 (0.26) 2 -> 7 (0.34) 7 -> 5 (0.28) 5 -> 4 (-0.66) 
6 -> 0 (0.58) 0 -> 2 (0.26) 2 -> 7 (0.34) 7 -> 5 (0.28) 5 -> 1 (0.32) 
6 -> 0 (0.58) 0 -> 2 (0.26) 2 -> 7 (0.34) 7 -> 5 (0.28) 5 -> 1 (0.32) 1 -> 3 (0.29) 
6 -> 0 (0.58) 0 -> 2 (0.26) 2 -> 7 (0.34) 7 -> 3 (0.39) 
6 -> 0 (0.58) 0 -> 4 (0.38) 
6 -> 0 (0.58) 0 -> 4 (0.38) 4 -> 5 (0.35) 
6 -> 0 (0.58) 0 -> 4 (0.38) 4 -> 5 (0.35) 5 -> 7 (0.28) 
6 -> 0 (0.58) 0 -> 4 (0.38) 4 -> 5 (0.35) 5 -> 7 (0.28) 7 -> 3 (0.39) 
6 -> 0 (0.58) 0 -> 4 (0.38) 4 -> 5 (0.35) 5 -> 1 (0.32) 
6 -> 0 (0.58) 0 -> 4 (0.38) 4 -> 5 (0.35) 5 -> 1 (0.32) 1 -> 3 (0.29) 
6 -> 0 (0.58) 0 -> 4 (0.38) 4 -> 7 (0.37) 
6 -> 0 (0.58) 0 -> 4 (0.38) 4 -> 7 (0.37) 7 -> 5 (0.28) 
6 -> 0 (0.58) 0 -> 4 (0.38) 4 -> 7 (0.37) 7 -> 5 (0.28) 5 -> 1 (0.32) 
6 -> 0 (0.58) 0 -> 4 (0.38) 4 -> 7 (0.37) 7 -> 5 (0.28) 5 -> 1 (0.32) 1 -> 3 (0.29) 
6 -> 0 (0.58) 0 -> 4 (0.38) 4 -> 7 (0.37) 7 -> 3 (0.39) 
6 -> 4 (0.93) 
6 -> 4 (0.93) 4 -> 5 (0.35) 
6 -> 4 (0.93) 4 -> 5 (0.35) 5 -> 7 (0.28) 
6 -> 4 (0.93) 4 -> 5 (0.35) 5 -> 7 (0.28) 7 -> 3 (0.39) 
6 -> 4 (0.93) 4 -> 5 (0.35) 5 -> 1 (0.32) 
6 -> 4 (0.93) 4 -> 5 (0.35) 5 -> 1 (0.32) 1 -> 3 (0.29) 
6 -> 4 (0.93) 4 -> 7 (0.37) 
6 -> 4 (0.93) 4 -> 7 (0.37) 7 -> 5 (0.28) 
6 -> 4 (0.93) 4 -> 7 (0.37) 7 -> 5 (0.28) 5 -> 1 (0.32) 
6 -> 4 (0.93) 4 -> 7 (0.37) 7 -> 5 (0.28) 5 -> 1 (0.32) 1 -> 3 (0.29) 
6 -> 4 (0.93) 4 -> 7 (0.37) 7 -> 3 (0.39) 
7 -> 5 (0.28) 
7 -> 5 (0.28) 5 -> 4 (-0.66) 
7 -> 5 (0.28) 5 -> 1 (0.32) 
7 -> 5 (0.28) 5 -> 1 (0.32) 1 -> 3 (0.29) 
7 -> 5 (0.28) 5 -> 1 (0.32) 1 -> 3 (0.29) 3 -> 6 (0.52) 
7 -> 5 (0.28) 5 -> 1 (0.32) 1 -> 3 (0.29) 3 -> 6 (0.52) 6 -> 2 (0.40) 
7 -> 5 (0.28) 5 -> 1 (0.32) 1 -> 3 (0.29) 3 -> 6 (0.52) 6 -> 0 (0.58) 
7 -> 5 (0.28) 5 -> 1 (0.32) 1 -> 3 (0.29) 3 -> 6 (0.52) 6 -> 0 (0.58) 0 -> 2 (0.26) 
7 -> 5 (0.28) 5 -> 1 (0.32) 1 -> 3 (0.29) 3 -> 6 (0.52) 6 -> 0 (0.58) 0 -> 4 (0.38) 
7 -> 5 (0.28) 5 -> 1 (0.32) 1 -> 3 (0.29) 3 -> 6 (0.52) 6 -> 4 (0.93) 
7 -> 3 (0.39) 
7 -> 3 (0.39) 3 -> 6 (0.52) 
7 -> 3 (0.39) 3 -> 6 (0.52) 6 -> 2 (0.40) 
7 -> 3 (0.39) 3 -> 6 (0.52) 6 -> 0 (0.58) 
7 -> 3 (0.39) 3 -> 6 (0.52) 6 -> 0 (0.58) 0 -> 2 (0.26) 
7 -> 3 (0.39) 3 -> 6 (0.52) 6 -> 0 (0.58) 0 -> 4 (0.38) 
7 -> 3 (0.39) 3 -> 6 (0.52) 6 -> 0 (0.58) 0 -> 4 (0.38) 4 -> 5 (0.35) 
7 -> 3 (0.39) 3 -> 6 (0.52) 6 -> 0 (0.58) 0 -> 4 (0.38) 4 -> 5 (0.35) 5 -> 1 (0.32) 
7 -> 3 (0.39) 3 -> 6 (0.52) 6 -> 4 (0.93) 
7 -> 3 (0.39) 3 -> 6 (0.52) 6 -> 4 (0.93) 4 -> 5 (0.35) 
7 -> 3 (0.39) 3 -> 6 (0.52) 6 -> 4 (0.93) 4 -> 5 (0.35) 5 -> 1 (0.32) 

Case 6:
0 -> 2 (-0.10) 
0 -> 2 (-0.10) 2 -> 3 (-0.10) 
0 -> 2 (-0.10) 2 -> 3 (-0.10) 3 -> 4 (1.40) 
0 -> 2 (-0.10) 2 -> 4 (0.40) 
0 -> 1 (1.20) 
0 -> 1 (1.20) 1 -> 2 (2.30) 
0 -> 1 (1.20) 1 -> 2 (2.30) 2 -> 3 (-0.10) 
0 -> 1 (1.20) 1 -> 2 (2.30) 2 -> 3 (-0.10) 3 -> 4 (1.40)  *
0 -> 1 (1.20) 1 -> 2 (2.30) 2 -> 4 (0.40) 
0 -> 1 (1.20) 1 -> 4 (3.10) 
0 -> 1 (1.20) 1 -> 3 (6.50) 
0 -> 1 (1.20) 1 -> 3 (6.50) 3 -> 4 (1.40) 
0 -> 3 (7.80) 
0 -> 3 (7.80) 3 -> 4 (1.40) 
0 -> 4 (9.40) 
1 -> 2 (2.30) 
1 -> 2 (2.30) 2 -> 3 (-0.10) 
1 -> 2 (2.30) 2 -> 3 (-0.10) 3 -> 4 (1.40) 
1 -> 2 (2.30) 2 -> 4 (0.40) 
1 -> 2 (2.30) 2 -> 0 (1.10) 
1 -> 2 (2.30) 2 -> 0 (1.10) 0 -> 3 (7.80) 
1 -> 2 (2.30) 2 -> 0 (1.10) 0 -> 3 (7.80) 3 -> 4 (1.40)  *
1 -> 2 (2.30) 2 -> 0 (1.10) 0 -> 4 (9.40) 
1 -> 4 (3.10) 
1 -> 3 (6.50) 
1 -> 3 (6.50) 3 -> 4 (1.40) 
2 -> 3 (-0.10) 
2 -> 3 (-0.10) 3 -> 4 (1.40) 
2 -> 4 (0.40) 
2 -> 0 (1.10) 
2 -> 0 (1.10) 0 -> 1 (1.20) 
2 -> 0 (1.10) 0 -> 1 (1.20) 1 -> 4 (3.10) 
2 -> 0 (1.10) 0 -> 1 (1.20) 1 -> 3 (6.50) 
2 -> 0 (1.10) 0 -> 1 (1.20) 1 -> 3 (6.50) 3 -> 4 (1.40)  *
2 -> 0 (1.10) 0 -> 3 (7.80) 
2 -> 0 (1.10) 0 -> 3 (7.80) 3 -> 4 (1.40) 
2 -> 0 (1.10) 0 -> 4 (9.40) 
3 -> 4 (1.40) 

Case 7:
0 -> 3 (1.20) 
0 -> 3 (1.20) 3 -> 4 (0.30) 
0 -> 3 (1.20) 3 -> 4 (0.30) 4 -> 2 (3.40) 
0 -> 3 (1.20) 3 -> 4 (0.30) 4 -> 2 (3.40) 2 -> 1 (2.00)  *
0 -> 3 (1.20) 3 -> 2 (2.10) 
0 -> 3 (1.20) 3 -> 2 (2.10) 2 -> 1 (2.00) 
0 -> 3 (1.20) 3 -> 2 (2.10) 2 -> 1 (2.00) 1 -> 4 (1.10)  *
1 -> 4 (1.10) 
1 -> 4 (1.10) 4 -> 2 (3.40) 
1 -> 3 (3.40) 
1 -> 3 (3.40) 3 -> 4 (0.30) 
1 -> 3 (3.40) 3 -> 4 (0.30) 4 -> 2 (3.40) 
1 -> 3 (3.40) 3 -> 2 (2.10) 
2 -> 1 (2.00) 
2 -> 1 (2.00) 1 -> 4 (1.10) 
2 -> 1 (2.00) 1 -> 3 (3.40) 
2 -> 1 (2.00) 1 -> 3 (3.40) 3 -> 4 (0.30) 
3 -> 4 (0.30) 
3 -> 4 (0.30) 4 -> 2 (3.40) 
3 -> 4 (0.30) 4 -> 2 (3.40) 2 -> 1 (2.00) 
3 -> 2 (2.10) 
3 -> 2 (2.10) 2 -> 1 (2.00) 
3 -> 2 (2.10) 2 -> 1 (2.00) 1 -> 4 (1.10) 
4 -> 2 (3.40) 
4 -> 2 (3.40) 2 -> 1 (2.00) 
4 -> 2 (3.40) 2 -> 1 (2.00) 1 -> 3 (3.40) 

Case 8:
0 -> 1 (1.20) 
0 -> 1 (1.20) 1 -> 4 (1.10) 
0 -> 1 (1.20) 1 -> 2 (3.40) 
0 -> 1 (1.20) 1 -> 2 (3.40) 2 -> 3 (2.00) 
0 -> 1 (1.20) 1 -> 2 (3.40) 2 -> 3 (2.00) 3 -> 4 (0.30)  *
0 -> 1 (1.20) 1 -> 2 (3.40) 2 -> 3 (2.00) 3 -> 4 (2.10)  *
1 -> 4 (1.10) 
1 -> 4 (1.10) 4 -> 0 (-3.40) 
1 -> 2 (3.40) 
1 -> 2 (3.40) 2 -> 3 (2.00) 
1 -> 2 (3.40) 2 -> 3 (2.00) 3 -> 4 (0.30) 
1 -> 2 (3.40) 2 -> 3 (2.00) 3 -> 4 (0.30) 4 -> 0 (-3.40)  *
1 -> 2 (3.40) 2 -> 3 (2.00) 3 -> 4 (2.10) 
1 -> 2 (3.40) 2 -> 3 (2.00) 3 -> 4 (2.10) 4 -> 0 (-3.40)  *
2 -> 3 (2.00) 
2 -> 3 (2.00) 3 -> 4 (0.30) 
2 -> 3 (2.00) 3 -> 4 (0.30) 4 -> 0 (-3.40) 
2 -> 3 (2.00) 3 -> 4 (0.30) 4 -> 0 (-3.40) 0 -> 1 (1.20)  *
2 -> 3 (2.00) 3 -> 4 (2.10) 
2 -> 3 (2.00) 3 -> 4 (2.10) 4 -> 0 (-3.40) 
2 -> 3 (2.00) 3 -> 4 (2.10) 4 -> 0 (-3.40) 0 -> 1 (1.20)  *
3 -> 4 (0.30) 
3 -> 4 (0.30) 4 -> 0 (-3.40) 
3 -> 4 (0.30) 4 -> 0 (-3.40) 0 -> 1 (1.20) 
3 -> 4 (0.30) 4 -> 0 (-3.40) 0 -> 1 (1.20) 1 -> 2 (3.40)  *
3 -> 4 (2.10) 
3 -> 4 (2.10) 4 -> 0 (-3.40) 
3 -> 4 (2.10) 4 -> 0 (-3.40) 0 -> 1 (1.20) 
3 -> 4 (2.10) 4 -> 0 (-3.40) 0 -> 1 (1.20) 1 -> 2 (3.40)  *
4 -> 0 (-3.40) 
4 -> 0 (-3.40) 0 -> 1 (1.20) 
4 -> 0 (-3.40) 0 -> 1 (1.20) 1 -> 2 (3.40) 
4 -> 0 (-3.40) 0 -> 1 (1.20) 1 -> 2 (3.40) 2 -> 3 (2.00)  *

