a
OOOOO
OOOOO
OOOOO
OOOOO
OOOOO
OOOOO
OLOOO
OLOOO
OOOOO
OOOOO
a
OOOOO
OOOOO
OOOOO
OOOOO
OOOOO
OOOOO
OPOOO
OPOOO
OOOOO
OOOOO
b
OOOOO
OOOOO
OOOOO
OOOOO
OOOOO
OOOOO
OOOOO
GGGGO
OOOOO
OOOOO
b
OOOOO
OOOOO
OOOOO
OOOOO
OOOOO
OOOOO
OOOOO
PPPPO
OOOOO
OOOOO
c
OOOOO
OOOOO
OWWWO
OWWWO
OWWWO
OOOOO
OOOOO
OOOOO
OOOOO
OOOOO
d
OOOOO
OOOOO
OWWWO
OWWWO
OWWWO
OOOOO
OOOOO
OOOOO
OOOOO
OOOOO
e
OOOOO
OOOOO
OEEEO
OEEEO
OEEEO
OOOOO
OOOOO
OOOOO
OOOOO
OOOOO
oeuoeu
OOOOO
OOOOO
OEEEO
OEEEO
OEEEO
OOOOO
OOOOO
OOOOO
OOOOO
OOOOO
oeuoeu
OOOOO
OOOOO
OJJJO
OJJJO
OJJJO
OOOOO
OOOOO
OOOOO
OOOOO
OOOOO
two.bmp
OOOOO
OOZZO
OWJJO
OWJJO
OJJJO
OOOOO
OOOOO
OOOOO
OOOOO
OOOOO
