 ShortestPath 
Case 1:
0 -> 0 sp=0.00 
0 -> 1 sp=1.30 
0 -> 2 sp=3.40 
1 -> 0 sp=3.30 
1 -> 1 sp=0.00 
1 -> 2 sp=2.10 
2 -> 0 sp=1.20 
2 -> 1 sp=2.50 
2 -> 2 sp=0.00 

Case 2:
0 -> 0 sp=0.00 
0 -> 1 sp=1.05 
0 -> 2 sp=0.26 
0 -> 3 sp=0.99 
0 -> 4 sp=0.38 
0 -> 5 sp=0.73 
0 -> 6 sp=1.51 
0 -> 7 sp=0.60 
1 -> 0 sp=1.39 
1 -> 1 sp=0.00 
1 -> 2 sp=1.21 
1 -> 3 sp=0.29 
1 -> 4 sp=1.74 
1 -> 5 sp=1.83 
1 -> 6 sp=0.81 
1 -> 7 sp=1.55 
2 -> 0 sp=1.83 
2 -> 1 sp=0.94 
2 -> 2 sp=0.00 
2 -> 3 sp=0.73 
2 -> 4 sp=0.97 
2 -> 5 sp=0.62 
2 -> 6 sp=1.25 
2 -> 7 sp=0.34 
3 -> 0 sp=1.10 
3 -> 1 sp=1.86 
3 -> 2 sp=0.92 
3 -> 3 sp=0.00 
3 -> 4 sp=1.45 
3 -> 5 sp=1.54 
3 -> 6 sp=0.52 
3 -> 7 sp=1.26 
4 -> 0 sp=1.86 
4 -> 1 sp=0.67 
4 -> 2 sp=1.68 
4 -> 3 sp=0.76 
4 -> 4 sp=0.00 
4 -> 5 sp=0.35 
4 -> 6 sp=1.28 
4 -> 7 sp=0.37 
5 -> 0 sp=1.71 
5 -> 1 sp=0.32 
5 -> 2 sp=1.53 
5 -> 3 sp=0.61 
5 -> 4 sp=0.35 
5 -> 5 sp=0.00 
5 -> 6 sp=1.13 
5 -> 7 sp=0.28 
6 -> 0 sp=0.58 
6 -> 1 sp=1.34 
6 -> 2 sp=0.40 
6 -> 3 sp=1.13 
6 -> 4 sp=0.93 
6 -> 5 sp=1.02 
6 -> 6 sp=0.00 
6 -> 7 sp=0.74 
7 -> 0 sp=1.49 
7 -> 1 sp=0.60 
7 -> 2 sp=1.31 
7 -> 3 sp=0.39 
7 -> 4 sp=0.63 
7 -> 5 sp=0.28 
7 -> 6 sp=0.91 
7 -> 7 sp=0.00 

Case 3:
0 -> 0 sp=0.00 
0 -> 1 sp=5.00 
0 -> 2 sp=14.00 
0 -> 3 sp=17.00 
0 -> 4 sp=9.00 
0 -> 5 sp=13.00 
0 -> 6 sp=25.00 
0 -> 7 sp=8.00 
1 -> 0 sp=INF 
1 -> 1 sp=0.00 
1 -> 2 sp=11.00 
1 -> 3 sp=14.00 
1 -> 4 sp=INF 
1 -> 5 sp=10.00 
1 -> 6 sp=22.00 
1 -> 7 sp=4.00 
2 -> 0 sp=INF 
2 -> 1 sp=INF 
2 -> 2 sp=0.00 
2 -> 3 sp=3.00 
2 -> 4 sp=INF 
2 -> 5 sp=INF 
2 -> 6 sp=11.00 
2 -> 7 sp=INF 
3 -> 0 sp=INF 
3 -> 1 sp=INF 
3 -> 2 sp=INF 
3 -> 3 sp=0.00 
3 -> 4 sp=INF 
3 -> 5 sp=INF 
3 -> 6 sp=9.00 
3 -> 7 sp=INF 
4 -> 0 sp=INF 
4 -> 1 sp=INF 
4 -> 2 sp=5.00 
4 -> 3 sp=8.00 
4 -> 4 sp=0.00 
4 -> 5 sp=4.00 
4 -> 6 sp=16.00 
4 -> 7 sp=5.00 
5 -> 0 sp=INF 
5 -> 1 sp=INF 
5 -> 2 sp=1.00 
5 -> 3 sp=4.00 
5 -> 4 sp=INF 
5 -> 5 sp=0.00 
5 -> 6 sp=12.00 
5 -> 7 sp=INF 
6 -> 0 sp=INF 
6 -> 1 sp=INF 
6 -> 2 sp=INF 
6 -> 3 sp=INF 
6 -> 4 sp=INF 
6 -> 5 sp=INF 
6 -> 6 sp=0.00 
6 -> 7 sp=INF 
7 -> 0 sp=INF 
7 -> 1 sp=INF 
7 -> 2 sp=7.00 
7 -> 3 sp=10.00 
7 -> 4 sp=INF 
7 -> 5 sp=6.00 
7 -> 6 sp=18.00 
7 -> 7 sp=0.00 

Case 4:
0 -> 0 sp=0.00 
0 -> 1 sp=2.10 
0 -> 2 sp=1.10 
0 -> 3 sp=3.50 
0 -> 4 sp=4.30 
1 -> 0 sp=INF 
1 -> 1 sp=0.00 
1 -> 2 sp=INF 
1 -> 3 sp=3.30 
1 -> 4 sp=2.20 
2 -> 0 sp=INF 
2 -> 1 sp=1.00 
2 -> 2 sp=0.00 
2 -> 3 sp=2.40 
2 -> 4 sp=3.20 
3 -> 0 sp=INF 
3 -> 1 sp=0.30 
3 -> 2 sp=INF 
3 -> 3 sp=0.00 
3 -> 4 sp=1.10 
4 -> 0 sp=INF 
4 -> 1 sp=INF 
4 -> 2 sp=INF 
4 -> 3 sp=INF 
4 -> 4 sp=0.00 

Case 5:
negative cycles exists distance 4 to 4 is -0.940000

Case 6:
0 -> 0 sp=0.00 
0 -> 1 sp=1.20 
0 -> 2 sp=-0.10 
0 -> 3 sp=-0.20 
0 -> 4 sp=0.30 
1 -> 0 sp=3.40 
1 -> 1 sp=0.00 
1 -> 2 sp=2.30 
1 -> 3 sp=2.20 
1 -> 4 sp=2.70 
2 -> 0 sp=1.10 
2 -> 1 sp=2.30 
2 -> 2 sp=0.00 
2 -> 3 sp=-0.10 
2 -> 4 sp=0.40 
3 -> 0 sp=INF 
3 -> 1 sp=INF 
3 -> 2 sp=199999999.90 
3 -> 3 sp=0.00 
3 -> 4 sp=1.40 
4 -> 0 sp=INF 
4 -> 1 sp=INF 
4 -> 2 sp=199999999.90 
4 -> 3 sp=199999999.80 
4 -> 4 sp=0.00 

Case 7:
0 -> 0 sp=0.00 
0 -> 1 sp=5.30 
0 -> 2 sp=3.30 
0 -> 3 sp=1.20 
0 -> 4 sp=1.50 
1 -> 0 sp=INF 
1 -> 1 sp=0.00 
1 -> 2 sp=4.50 
1 -> 3 sp=3.40 
1 -> 4 sp=1.10 
2 -> 0 sp=INF 
2 -> 1 sp=2.00 
2 -> 2 sp=0.00 
2 -> 3 sp=5.40 
2 -> 4 sp=3.10 
3 -> 0 sp=INF 
3 -> 1 sp=4.10 
3 -> 2 sp=2.10 
3 -> 3 sp=0.00 
3 -> 4 sp=0.30 
4 -> 0 sp=INF 
4 -> 1 sp=5.40 
4 -> 2 sp=3.40 
4 -> 3 sp=8.80 
4 -> 4 sp=0.00 

Case 8:
negative cycles exists distance 0 to 0 is -1.100000

