 ShortestPath 
Case 1:
0 -> 0 sp=0.00 
0 -> 1 sp=1.30 0 -> 1 (1.30) 
0 -> 2 sp=3.40 0 -> 1 (1.30) 1 -> 2 (2.10) 

Case 2:
0 -> 0 sp=0.00 
0 -> 1 sp=1.05 0 -> 4 (0.38) 4 -> 5 (0.35) 5 -> 1 (0.32) 
0 -> 2 sp=0.26 0 -> 2 (0.26) 
0 -> 3 sp=0.99 0 -> 2 (0.26) 2 -> 7 (0.34) 7 -> 3 (0.39) 
0 -> 4 sp=0.38 0 -> 4 (0.38) 
0 -> 5 sp=0.73 0 -> 4 (0.38) 4 -> 5 (0.35) 
0 -> 6 sp=1.51 0 -> 2 (0.26) 2 -> 7 (0.34) 7 -> 3 (0.39) 3 -> 6 (0.52) 
0 -> 7 sp=0.60 0 -> 2 (0.26) 2 -> 7 (0.34) 

Case 3:
0 -> 0 sp=0.00 
0 -> 1 sp=5.00 0 -> 1 (5.00) 
0 -> 2 sp=14.00 0 -> 4 (9.00) 4 -> 5 (4.00) 5 -> 2 (1.00) 
0 -> 3 sp=17.00 0 -> 4 (9.00) 4 -> 5 (4.00) 5 -> 2 (1.00) 2 -> 3 (3.00) 
0 -> 4 sp=9.00 0 -> 4 (9.00) 
0 -> 5 sp=13.00 0 -> 4 (9.00) 4 -> 5 (4.00) 
0 -> 6 sp=25.00 0 -> 4 (9.00) 4 -> 5 (4.00) 5 -> 2 (1.00) 2 -> 6 (11.00) 
0 -> 7 sp=8.00 0 -> 7 (8.00) 

Case 4:
0 -> 0 sp=0.00 
0 -> 1 sp=2.10 0 -> 2 (1.10) 2 -> 1 (1.00) 
0 -> 2 sp=1.10 0 -> 2 (1.10) 
0 -> 3 sp=3.50 0 -> 2 (1.10) 2 -> 3 (2.40) 
0 -> 4 sp=4.30 0 -> 2 (1.10) 2 -> 1 (1.00) 1 -> 4 (2.20) 

Case 5:
0 -> 0 sp=0.00 
0 -> 1 sp=0.30 0 -> 1 (0.30) 
0 -> 2 sp=0.60 0 -> 1 (0.30) 1 -> 2 (0.30) 
0 -> 3 sp=0.90 0 -> 1 (0.30) 1 -> 2 (0.30) 2 -> 3 (0.30) 
0 -> 4 sp=0.30 0 -> 4 (0.30) 
0 -> 5 sp=0.60 0 -> 4 (0.30) 4 -> 5 (0.30) 

