c:1 d:2 e:1 h:1 i:2 l:1 n:1 o:1 s:1 t:1 u:1 
c:1 d:1 e:1 g:1 h:1 i:2 l:1 n:2 r:1 s:1 t:1 u:1 
a:2 c:1 d:1 e:1 h:1 i:1 l:1 m:1 n:1 p:1 r:1 s:2 u:1 y:1 

a:1 i:2 m:1 n:2 t:1 

L:2 N:1 U:1 a:1 c:1 h:1 r:2 s:1 t:1 
i:1 n:2 t:1 
E:1 F:1 O:1 d:1 e:3 g:1 h:1 i:3 l:2 n:3 r:1 s:2 t:3 w:1 
a:1 i:1 n:1 r:2 t:1 
e:2 i:1 l:2 n:3 r:2 s:2 t:3 
i:1 m:1 n:1 t:1 x:1 
i:2 n:1 t:1 
e:1 f:1 i:3 l:1 n:1 o:1 r:1 
A:1 Z:1 a:1 f:1 i:5 r:4 s:4 t:4 z:1 
a:1 i:1 r:3 s:1 t:1 
A:1 M:1 X:1 a:1 i:1 m:2 r:3 s:1 t:1 x:2 


I:1 a:1 d:1 f:1 i:1 l:2 n:1 p:1 r:3 t:1 
V:1 a:1 d:1 f:1 i:1 l:2 n:1 p:1 r:3 t:1 
X:1 a:1 d:1 f:1 i:1 l:2 n:1 p:1 r:3 t:1 
L:1 a:1 d:1 f:1 i:1 l:2 n:1 p:1 r:3 t:1 
C:1 a:1 d:1 f:1 i:1 l:2 n:1 p:1 r:3 t:1 

i:1 l:1 n:1 t:1 
f:1 l:3 o:1 r:1 
a:1 f:1 i:1 l:1 r:2 
a:1 c:1 d:1 f:1 i:1 l:2 n:1 p:1 r:3 t:1 

f:1 i:1 n:2 p:1 r:1 t:1 



e:1 n:1 r:2 t:1 u:1 

