3
-inf -1.000 1.000
-1.000 5.000 1.000
5.000 +inf 1.000

15
-inf 1.000 1.000
1.000 2.200 0.700
2.200 4.000 0.630
4.000 5.000 0.504
5.000 5.500 0.560
5.500 8.500 0.392
8.500 9.000 0.274
9.000 11.000 0.220
11.000 15.000 0.274
15.000 18.000 0.392
18.000 22.000 0.490
22.000 24.000 0.700
24.000 90.500 0.630
90.500 6384729834.223 0.900
6384729834.223 +inf 1.000

1
-inf +inf 1.000
3
-inf 3.000 1.000
3.000 5.000 0.800
5.000 +inf 1.000

5
-inf 3.000 1.000
3.000 4.000 0.700
4.000 5.000 1.000
5.000 6.000 0.800
6.000 +inf 1.000

5
-inf 3.000 1.000
3.000 4.000 0.700
4.000 5.000 0.560
5.000 6.000 0.800
6.000 +inf 1.000

7
-inf 2.000 1.000
2.000 4.000 0.900
4.000 7.000 0.000
7.000 9.000 0.000
9.000 13.500 0.000
13.500 17.000 0.800
17.000 +inf 1.000

7
-inf 2.000 1.000
2.000 4.000 0.900
4.000 7.000 0.630
7.000 9.000 0.504
9.000 13.500 0.560
13.500 17.000 0.800
17.000 +inf 1.000

7
-inf 2.000 1.000
2.000 3.500 0.900
3.500 5.000 0.630
5.000 7.000 0.504
7.000 8.000 0.630
8.000 9.000 0.900
9.000 +inf 1.000

21
-inf 10.000 1.000
10.000 11.000 0.100
11.000 12.000 0.010
12.000 13.000 0.001
13.000 14.000 0.000
14.000 15.000 0.000
15.000 16.000 0.000
16.000 17.000 0.000
17.000 18.000 0.000
18.000 18.500 0.000
18.500 19.000 0.000
19.000 19.500 0.000
19.500 20.500 0.000
20.500 21.500 0.000
21.500 22.500 0.000
22.500 23.500 0.000
23.500 24.500 0.000
24.500 25.500 0.001
25.500 26.500 0.010
26.500 27.500 0.100
27.500 +inf 1.000

81
-inf 1.000 1.000
1.000 2.000 0.570
2.000 3.000 0.228
3.000 4.000 0.112
4.000 5.000 0.048
5.000 6.000 0.018
6.000 7.000 0.007
7.000 8.000 0.006
8.000 9.000 0.004
9.000 10.000 0.003
10.000 11.000 0.002
11.000 12.000 0.001
12.000 13.000 0.001
13.000 14.000 0.000
14.000 15.000 0.000
15.000 16.000 0.000
16.000 17.000 0.000
17.000 18.000 0.000
18.000 19.000 0.000
19.000 20.000 0.000
20.000 21.000 0.000
21.000 22.000 0.000
22.000 23.000 0.000
23.000 24.000 0.000
24.000 25.000 0.000
25.000 26.000 0.000
26.000 26.500 0.000
26.500 27.000 0.000
27.000 27.500 0.000
27.500 28.000 0.000
28.000 28.500 0.000
28.500 29.000 0.000
29.000 29.500 0.000
29.500 30.000 0.000
30.000 30.500 0.000
30.500 31.000 0.000
31.000 31.500 0.000
31.500 32.000 0.000
32.000 32.500 0.000
32.500 33.000 0.000
33.000 33.500 0.000
33.500 34.000 0.000
34.000 34.500 0.000
34.500 35.000 0.000
35.000 35.500 0.000
35.500 36.000 0.000
36.000 36.500 0.000
36.500 37.000 0.000
37.000 37.500 0.000
37.500 38.000 0.000
38.000 38.500 0.000
38.500 39.000 0.000
39.000 39.500 0.000
39.500 40.000 0.000
40.000 40.500 0.000
40.500 41.500 0.000
41.500 42.500 0.000
42.500 43.500 0.000
43.500 44.500 0.000
44.500 45.500 0.000
45.500 46.500 0.000
46.500 47.500 0.000
47.500 48.500 0.000
48.500 49.500 0.000
49.500 50.500 0.000
50.500 51.500 0.000
51.500 52.500 0.000
52.500 53.500 0.000
53.500 54.500 0.000
54.500 55.500 0.001
55.500 56.500 0.003
56.500 57.500 0.003
57.500 58.500 0.006
58.500 59.500 0.014
59.500 60.500 0.041
60.500 61.500 0.089
61.500 62.500 0.138
62.500 63.500 0.160
63.500 64.500 0.225
64.500 65.500 0.490
65.500 +inf 1.000
