 1  1  
  2  2  
 After sorting:
 1  1  
  2  2  
 
compared 1 is less than 2
compared 1 is less than 2
F: 
 0  1  
  0  0  
 
d=2, s=0, k = 1, fl=0, ss=1, sl=0, l1=1,l2=1, F[M[s][fl]][ss] = 1
 1  2  
  1  0  
 
 0  1  
  1  0  
 
longest 2
 1  2  
  1  2  
 After sorting:
 1  2  
  1  2  
 
F: 
 0  0  
  0  0  
 
d=2, s=0, k = 1, fl=0, ss=1, sl=0, l1=1,l2=1, F[M[s][fl]][ss] = 0
 1  1  
  1  0  
 
 0  0  
  1  0  
 
longest 1
 1  1  1  
  2  2  2  
  3  3  3  
 After sorting:
 1  1  1  
  2  2  2  
  3  3  3  
 
compared 1 is less than 2
compared 1 is less than 2
compared 1 is less than 2
compared 1 is less than 3
compared 1 is less than 3
compared 1 is less than 3
compared 2 is less than 3
compared 2 is less than 3
compared 2 is less than 3
F: 
 0  1  1  
  0  0  1  
  0  0  0  
 
d=2, s=0, k = 1, fl=0, ss=1, sl=0, l1=1,l2=1, F[M[s][fl]][ss] = 1
 1  2  0  
  1  0  0  
  1  0  0  
 
 0  1  0  
  1  0  0  
  2  0  0  
 
d=2, s=1, k = 1, fl=0, ss=2, sl=0, l1=1,l2=1, F[M[s][fl]][ss] = 1
 1  2  0  
  1  2  0  
  1  0  0  
 
 0  1  0  
  1  2  0  
  2  0  0  
 
d=3, s=0, k = 1, fl=0, ss=1, sl=1, l1=1,l2=2, F[M[s][fl]][ss] = 1
 1  2  3  
  1  2  0  
  1  0  0  
 
 0  1  2  
  1  2  0  
  2  0  0  
 
d=3, s=0, k = 2, fl=1, ss=2, sl=0, l1=2,l2=1, F[M[s][fl]][ss] = 1
 1  2  3  
  1  2  0  
  1  0  0  
 
 0  1  2  
  1  2  0  
  2  0  0  
 
longest 3
 1  1  1  
  2  2  3  
  3  3  3  
 After sorting:
 1  1  1  
  2  2  3  
  3  3  3  
 
compared 1 is less than 2
compared 1 is less than 2
compared 1 is less than 3
compared 1 is less than 3
compared 1 is less than 3
compared 1 is less than 3
compared 2 is less than 3
compared 2 is less than 3
F: 
 0  1  1  
  0  0  0  
  0  0  0  
 
d=2, s=0, k = 1, fl=0, ss=1, sl=0, l1=1,l2=1, F[M[s][fl]][ss] = 1
 1  2  0  
  1  0  0  
  1  0  0  
 
 0  1  0  
  1  0  0  
  2  0  0  
 
d=2, s=1, k = 1, fl=0, ss=2, sl=0, l1=1,l2=1, F[M[s][fl]][ss] = 0
 1  2  0  
  1  1  0  
  1  0  0  
 
 0  1  0  
  1  1  0  
  2  0  0  
 
d=3, s=0, k = 1, fl=0, ss=1, sl=1, l1=1,l2=1, F[M[s][fl]][ss] = 1
 1  2  2  
  1  1  0  
  1  0  0  
 
 0  1  1  
  1  1  0  
  2  0  0  
 
d=3, s=0, k = 2, fl=1, ss=2, sl=0, l1=2,l2=1, F[M[s][fl]][ss] = 0
 1  2  2  
  1  1  0  
  1  0  0  
 
 0  1  1  
  1  1  0  
  2  0  0  
 
longest 2
 3  7  
  8  10  
  2  5  
  9  11  
  18  21  
 After sorting:
 2  5  
  3  7  
  8  10  
  9  11  
  18  21  
 
compared 2 is less than 3
compared 5 is less than 7
compared 2 is less than 8
compared 5 is less than 10
compared 2 is less than 9
compared 5 is less than 11
compared 2 is less than 18
compared 5 is less than 21
compared 3 is less than 8
compared 7 is less than 10
compared 3 is less than 9
compared 7 is less than 11
compared 3 is less than 18
compared 7 is less than 21
compared 8 is less than 9
compared 10 is less than 11
compared 8 is less than 18
compared 10 is less than 21
compared 9 is less than 18
compared 11 is less than 21
F: 
 0  1  1  1  1  
  0  0  1  1  1  
  0  0  0  1  1  
  0  0  0  0  1  
  0  0  0  0  0  
 
d=2, s=0, k = 1, fl=0, ss=1, sl=0, l1=1,l2=1, F[M[s][fl]][ss] = 1
 1  2  0  0  0  
  1  0  0  0  0  
  1  0  0  0  0  
  1  0  0  0  0  
  1  0  0  0  0  
 
 0  1  0  0  0  
  1  0  0  0  0  
  2  0  0  0  0  
  3  0  0  0  0  
  4  0  0  0  0  
 
d=2, s=1, k = 1, fl=0, ss=2, sl=0, l1=1,l2=1, F[M[s][fl]][ss] = 1
 1  2  0  0  0  
  1  2  0  0  0  
  1  0  0  0  0  
  1  0  0  0  0  
  1  0  0  0  0  
 
 0  1  0  0  0  
  1  2  0  0  0  
  2  0  0  0  0  
  3  0  0  0  0  
  4  0  0  0  0  
 
d=2, s=2, k = 1, fl=0, ss=3, sl=0, l1=1,l2=1, F[M[s][fl]][ss] = 1
 1  2  0  0  0  
  1  2  0  0  0  
  1  2  0  0  0  
  1  0  0  0  0  
  1  0  0  0  0  
 
 0  1  0  0  0  
  1  2  0  0  0  
  2  3  0  0  0  
  3  0  0  0  0  
  4  0  0  0  0  
 
d=2, s=3, k = 1, fl=0, ss=4, sl=0, l1=1,l2=1, F[M[s][fl]][ss] = 1
 1  2  0  0  0  
  1  2  0  0  0  
  1  2  0  0  0  
  1  2  0  0  0  
  1  0  0  0  0  
 
 0  1  0  0  0  
  1  2  0  0  0  
  2  3  0  0  0  
  3  4  0  0  0  
  4  0  0  0  0  
 
d=3, s=0, k = 1, fl=0, ss=1, sl=1, l1=1,l2=2, F[M[s][fl]][ss] = 1
 1  2  3  0  0  
  1  2  0  0  0  
  1  2  0  0  0  
  1  2  0  0  0  
  1  0  0  0  0  
 
 0  1  2  0  0  
  1  2  0  0  0  
  2  3  0  0  0  
  3  4  0  0  0  
  4  0  0  0  0  
 
d=3, s=0, k = 2, fl=1, ss=2, sl=0, l1=2,l2=1, F[M[s][fl]][ss] = 1
 1  2  3  0  0  
  1  2  0  0  0  
  1  2  0  0  0  
  1  2  0  0  0  
  1  0  0  0  0  
 
 0  1  2  0  0  
  1  2  0  0  0  
  2  3  0  0  0  
  3  4  0  0  0  
  4  0  0  0  0  
 
d=3, s=1, k = 1, fl=0, ss=2, sl=1, l1=1,l2=2, F[M[s][fl]][ss] = 1
 1  2  3  0  0  
  1  2  3  0  0  
  1  2  0  0  0  
  1  2  0  0  0  
  1  0  0  0  0  
 
 0  1  2  0  0  
  1  2  3  0  0  
  2  3  0  0  0  
  3  4  0  0  0  
  4  0  0  0  0  
 
d=3, s=1, k = 2, fl=1, ss=3, sl=0, l1=2,l2=1, F[M[s][fl]][ss] = 1
 1  2  3  0  0  
  1  2  3  0  0  
  1  2  0  0  0  
  1  2  0  0  0  
  1  0  0  0  0  
 
 0  1  2  0  0  
  1  2  3  0  0  
  2  3  0  0  0  
  3  4  0  0  0  
  4  0  0  0  0  
 
d=3, s=2, k = 1, fl=0, ss=3, sl=1, l1=1,l2=2, F[M[s][fl]][ss] = 1
 1  2  3  0  0  
  1  2  3  0  0  
  1  2  3  0  0  
  1  2  0  0  0  
  1  0  0  0  0  
 
 0  1  2  0  0  
  1  2  3  0  0  
  2  3  4  0  0  
  3  4  0  0  0  
  4  0  0  0  0  
 
d=3, s=2, k = 2, fl=1, ss=4, sl=0, l1=2,l2=1, F[M[s][fl]][ss] = 1
 1  2  3  0  0  
  1  2  3  0  0  
  1  2  3  0  0  
  1  2  0  0  0  
  1  0  0  0  0  
 
 0  1  2  0  0  
  1  2  3  0  0  
  2  3  4  0  0  
  3  4  0  0  0  
  4  0  0  0  0  
 
d=4, s=0, k = 1, fl=0, ss=1, sl=2, l1=1,l2=3, F[M[s][fl]][ss] = 1
 1  2  3  4  0  
  1  2  3  0  0  
  1  2  3  0  0  
  1  2  0  0  0  
  1  0  0  0  0  
 
 0  1  2  3  0  
  1  2  3  0  0  
  2  3  4  0  0  
  3  4  0  0  0  
  4  0  0  0  0  
 
d=4, s=0, k = 2, fl=1, ss=2, sl=1, l1=2,l2=2, F[M[s][fl]][ss] = 1
 1  2  3  4  0  
  1  2  3  0  0  
  1  2  3  0  0  
  1  2  0  0  0  
  1  0  0  0  0  
 
 0  1  2  3  0  
  1  2  3  0  0  
  2  3  4  0  0  
  3  4  0  0  0  
  4  0  0  0  0  
 
d=4, s=0, k = 3, fl=2, ss=3, sl=0, l1=3,l2=1, F[M[s][fl]][ss] = 1
 1  2  3  4  0  
  1  2  3  0  0  
  1  2  3  0  0  
  1  2  0  0  0  
  1  0  0  0  0  
 
 0  1  2  3  0  
  1  2  3  0  0  
  2  3  4  0  0  
  3  4  0  0  0  
  4  0  0  0  0  
 
d=4, s=1, k = 1, fl=0, ss=2, sl=2, l1=1,l2=3, F[M[s][fl]][ss] = 1
 1  2  3  4  0  
  1  2  3  4  0  
  1  2  3  0  0  
  1  2  0  0  0  
  1  0  0  0  0  
 
 0  1  2  3  0  
  1  2  3  4  0  
  2  3  4  0  0  
  3  4  0  0  0  
  4  0  0  0  0  
 
d=4, s=1, k = 2, fl=1, ss=3, sl=1, l1=2,l2=2, F[M[s][fl]][ss] = 1
 1  2  3  4  0  
  1  2  3  4  0  
  1  2  3  0  0  
  1  2  0  0  0  
  1  0  0  0  0  
 
 0  1  2  3  0  
  1  2  3  4  0  
  2  3  4  0  0  
  3  4  0  0  0  
  4  0  0  0  0  
 
d=4, s=1, k = 3, fl=2, ss=4, sl=0, l1=3,l2=1, F[M[s][fl]][ss] = 1
 1  2  3  4  0  
  1  2  3  4  0  
  1  2  3  0  0  
  1  2  0  0  0  
  1  0  0  0  0  
 
 0  1  2  3  0  
  1  2  3  4  0  
  2  3  4  0  0  
  3  4  0  0  0  
  4  0  0  0  0  
 
d=5, s=0, k = 1, fl=0, ss=1, sl=3, l1=1,l2=4, F[M[s][fl]][ss] = 1
 1  2  3  4  5  
  1  2  3  4  0  
  1  2  3  0  0  
  1  2  0  0  0  
  1  0  0  0  0  
 
 0  1  2  3  4  
  1  2  3  4  0  
  2  3  4  0  0  
  3  4  0  0  0  
  4  0  0  0  0  
 
d=5, s=0, k = 2, fl=1, ss=2, sl=2, l1=2,l2=3, F[M[s][fl]][ss] = 1
 1  2  3  4  5  
  1  2  3  4  0  
  1  2  3  0  0  
  1  2  0  0  0  
  1  0  0  0  0  
 
 0  1  2  3  4  
  1  2  3  4  0  
  2  3  4  0  0  
  3  4  0  0  0  
  4  0  0  0  0  
 
d=5, s=0, k = 3, fl=2, ss=3, sl=1, l1=3,l2=2, F[M[s][fl]][ss] = 1
 1  2  3  4  5  
  1  2  3  4  0  
  1  2  3  0  0  
  1  2  0  0  0  
  1  0  0  0  0  
 
 0  1  2  3  4  
  1  2  3  4  0  
  2  3  4  0  0  
  3  4  0  0  0  
  4  0  0  0  0  
 
d=5, s=0, k = 4, fl=3, ss=4, sl=0, l1=4,l2=1, F[M[s][fl]][ss] = 1
 1  2  3  4  5  
  1  2  3  4  0  
  1  2  3  0  0  
  1  2  0  0  0  
  1  0  0  0  0  
 
 0  1  2  3  4  
  1  2  3  4  0  
  2  3  4  0  0  
  3  4  0  0  0  
  4  0  0  0  0  
 
longest 5
 1  2  5  10  20  30  
  3  7  9  11  15  23  
  4  14  24  34  40  50  
  9  10  11  12  13  14  
  4  8  17  18  27  31  
  13  19  19  32  41  44  
  1  2  3  4  5  6  
  9  18  21  37  47  80  
 After sorting:
 1  2  3  4  5  6  
  1  2  5  10  20  30  
  3  7  9  11  15  23  
  4  8  17  18  27  31  
  4  14  24  34  40  50  
  9  10  11  12  13  14  
  9  18  21  37  47  80  
  13  19  19  32  41  44  
 
compared 1 is less than 3
compared 2 is less than 7
compared 3 is less than 9
compared 4 is less than 11
compared 5 is less than 15
compared 6 is less than 23
compared 1 is less than 4
compared 2 is less than 8
compared 3 is less than 17
compared 4 is less than 18
compared 5 is less than 27
compared 6 is less than 31
compared 1 is less than 4
compared 2 is less than 14
compared 3 is less than 24
compared 4 is less than 34
compared 5 is less than 40
compared 6 is less than 50
compared 1 is less than 9
compared 2 is less than 10
compared 3 is less than 11
compared 4 is less than 12
compared 5 is less than 13
compared 6 is less than 14
compared 1 is less than 9
compared 2 is less than 18
compared 3 is less than 21
compared 4 is less than 37
compared 5 is less than 47
compared 6 is less than 80
compared 1 is less than 13
compared 2 is less than 19
compared 3 is less than 19
compared 4 is less than 32
compared 5 is less than 41
compared 6 is less than 44
compared 1 is less than 3
compared 2 is less than 7
compared 5 is less than 9
compared 10 is less than 11
compared 1 is less than 4
compared 2 is less than 8
compared 5 is less than 17
compared 10 is less than 18
compared 20 is less than 27
compared 30 is less than 31
compared 1 is less than 4
compared 2 is less than 14
compared 5 is less than 24
compared 10 is less than 34
compared 20 is less than 40
compared 30 is less than 50
compared 1 is less than 9
compared 2 is less than 10
compared 5 is less than 11
compared 10 is less than 12
compared 1 is less than 9
compared 2 is less than 18
compared 5 is less than 21
compared 10 is less than 37
compared 20 is less than 47
compared 30 is less than 80
compared 1 is less than 13
compared 2 is less than 19
compared 5 is less than 19
compared 10 is less than 32
compared 20 is less than 41
compared 30 is less than 44
compared 3 is less than 4
compared 7 is less than 8
compared 9 is less than 17
compared 11 is less than 18
compared 15 is less than 27
compared 23 is less than 31
compared 3 is less than 4
compared 7 is less than 14
compared 9 is less than 24
compared 11 is less than 34
compared 15 is less than 40
compared 23 is less than 50
compared 3 is less than 9
compared 7 is less than 10
compared 9 is less than 11
compared 11 is less than 12
compared 3 is less than 9
compared 7 is less than 18
compared 9 is less than 21
compared 11 is less than 37
compared 15 is less than 47
compared 23 is less than 80
compared 3 is less than 13
compared 7 is less than 19
compared 9 is less than 19
compared 11 is less than 32
compared 15 is less than 41
compared 23 is less than 44
compared 4 is less than 9
compared 8 is less than 10
compared 4 is less than 9
compared 8 is less than 18
compared 17 is less than 21
compared 18 is less than 37
compared 27 is less than 47
compared 31 is less than 80
compared 4 is less than 13
compared 8 is less than 19
compared 17 is less than 19
compared 18 is less than 32
compared 27 is less than 41
compared 31 is less than 44
compared 4 is less than 9
compared 4 is less than 9
compared 14 is less than 18
compared 4 is less than 13
compared 14 is less than 19
compared 9 is less than 13
compared 10 is less than 19
compared 11 is less than 19
compared 12 is less than 32
compared 13 is less than 41
compared 14 is less than 44
compared 9 is less than 13
compared 18 is less than 19
F: 
 0  0  1  1  1  1  1  1  
  0  0  0  1  1  0  1  1  
  0  0  0  1  1  0  1  1  
  0  0  0  0  0  0  1  1  
  0  0  0  0  0  0  0  0  
  0  0  0  0  0  0  0  1  
  0  0  0  0  0  0  0  0  
  0  0  0  0  0  0  0  0  
 
d=2, s=0, k = 1, fl=0, ss=1, sl=0, l1=1,l2=1, F[M[s][fl]][ss] = 0
 1  1  0  0  0  0  0  0  
  1  0  0  0  0  0  0  0  
  1  0  0  0  0  0  0  0  
  1  0  0  0  0  0  0  0  
  1  0  0  0  0  0  0  0  
  1  0  0  0  0  0  0  0  
  1  0  0  0  0  0  0  0  
  1  0  0  0  0  0  0  0  
 
 0  0  0  0  0  0  0  0  
  1  0  0  0  0  0  0  0  
  2  0  0  0  0  0  0  0  
  3  0  0  0  0  0  0  0  
  4  0  0  0  0  0  0  0  
  5  0  0  0  0  0  0  0  
  6  0  0  0  0  0  0  0  
  7  0  0  0  0  0  0  0  
 
d=2, s=1, k = 1, fl=0, ss=2, sl=0, l1=1,l2=1, F[M[s][fl]][ss] = 0
 1  1  0  0  0  0  0  0  
  1  1  0  0  0  0  0  0  
  1  0  0  0  0  0  0  0  
  1  0  0  0  0  0  0  0  
  1  0  0  0  0  0  0  0  
  1  0  0  0  0  0  0  0  
  1  0  0  0  0  0  0  0  
  1  0  0  0  0  0  0  0  
 
 0  0  0  0  0  0  0  0  
  1  1  0  0  0  0  0  0  
  2  0  0  0  0  0  0  0  
  3  0  0  0  0  0  0  0  
  4  0  0  0  0  0  0  0  
  5  0  0  0  0  0  0  0  
  6  0  0  0  0  0  0  0  
  7  0  0  0  0  0  0  0  
 
d=2, s=2, k = 1, fl=0, ss=3, sl=0, l1=1,l2=1, F[M[s][fl]][ss] = 1
 1  1  0  0  0  0  0  0  
  1  1  0  0  0  0  0  0  
  1  2  0  0  0  0  0  0  
  1  0  0  0  0  0  0  0  
  1  0  0  0  0  0  0  0  
  1  0  0  0  0  0  0  0  
  1  0  0  0  0  0  0  0  
  1  0  0  0  0  0  0  0  
 
 0  0  0  0  0  0  0  0  
  1  1  0  0  0  0  0  0  
  2  3  0  0  0  0  0  0  
  3  0  0  0  0  0  0  0  
  4  0  0  0  0  0  0  0  
  5  0  0  0  0  0  0  0  
  6  0  0  0  0  0  0  0  
  7  0  0  0  0  0  0  0  
 
d=2, s=3, k = 1, fl=0, ss=4, sl=0, l1=1,l2=1, F[M[s][fl]][ss] = 0
 1  1  0  0  0  0  0  0  
  1  1  0  0  0  0  0  0  
  1  2  0  0  0  0  0  0  
  1  1  0  0  0  0  0  0  
  1  0  0  0  0  0  0  0  
  1  0  0  0  0  0  0  0  
  1  0  0  0  0  0  0  0  
  1  0  0  0  0  0  0  0  
 
 0  0  0  0  0  0  0  0  
  1  1  0  0  0  0  0  0  
  2  3  0  0  0  0  0  0  
  3  3  0  0  0  0  0  0  
  4  0  0  0  0  0  0  0  
  5  0  0  0  0  0  0  0  
  6  0  0  0  0  0  0  0  
  7  0  0  0  0  0  0  0  
 
d=2, s=4, k = 1, fl=0, ss=5, sl=0, l1=1,l2=1, F[M[s][fl]][ss] = 0
 1  1  0  0  0  0  0  0  
  1  1  0  0  0  0  0  0  
  1  2  0  0  0  0  0  0  
  1  1  0  0  0  0  0  0  
  1  1  0  0  0  0  0  0  
  1  0  0  0  0  0  0  0  
  1  0  0  0  0  0  0  0  
  1  0  0  0  0  0  0  0  
 
 0  0  0  0  0  0  0  0  
  1  1  0  0  0  0  0  0  
  2  3  0  0  0  0  0  0  
  3  3  0  0  0  0  0  0  
  4  4  0  0  0  0  0  0  
  5  0  0  0  0  0  0  0  
  6  0  0  0  0  0  0  0  
  7  0  0  0  0  0  0  0  
 
d=2, s=5, k = 1, fl=0, ss=6, sl=0, l1=1,l2=1, F[M[s][fl]][ss] = 0
 1  1  0  0  0  0  0  0  
  1  1  0  0  0  0  0  0  
  1  2  0  0  0  0  0  0  
  1  1  0  0  0  0  0  0  
  1  1  0  0  0  0  0  0  
  1  1  0  0  0  0  0  0  
  1  0  0  0  0  0  0  0  
  1  0  0  0  0  0  0  0  
 
 0  0  0  0  0  0  0  0  
  1  1  0  0  0  0  0  0  
  2  3  0  0  0  0  0  0  
  3  3  0  0  0  0  0  0  
  4  4  0  0  0  0  0  0  
  5  5  0  0  0  0  0  0  
  6  0  0  0  0  0  0  0  
  7  0  0  0  0  0  0  0  
 
d=2, s=6, k = 1, fl=0, ss=7, sl=0, l1=1,l2=1, F[M[s][fl]][ss] = 0
 1  1  0  0  0  0  0  0  
  1  1  0  0  0  0  0  0  
  1  2  0  0  0  0  0  0  
  1  1  0  0  0  0  0  0  
  1  1  0  0  0  0  0  0  
  1  1  0  0  0  0  0  0  
  1  1  0  0  0  0  0  0  
  1  0  0  0  0  0  0  0  
 
 0  0  0  0  0  0  0  0  
  1  1  0  0  0  0  0  0  
  2  3  0  0  0  0  0  0  
  3  3  0  0  0  0  0  0  
  4  4  0  0  0  0  0  0  
  5  5  0  0  0  0  0  0  
  6  6  0  0  0  0  0  0  
  7  0  0  0  0  0  0  0  
 
d=3, s=0, k = 1, fl=0, ss=1, sl=1, l1=1,l2=1, F[M[s][fl]][ss] = 0
 1  1  1  0  0  0  0  0  
  1  1  0  0  0  0  0  0  
  1  2  0  0  0  0  0  0  
  1  1  0  0  0  0  0  0  
  1  1  0  0  0  0  0  0  
  1  1  0  0  0  0  0  0  
  1  1  0  0  0  0  0  0  
  1  0  0  0  0  0  0  0  
 
 0  0  0  0  0  0  0  0  
  1  1  0  0  0  0  0  0  
  2  3  0  0  0  0  0  0  
  3  3  0  0  0  0  0  0  
  4  4  0  0  0  0  0  0  
  5  5  0  0  0  0  0  0  
  6  6  0  0  0  0  0  0  
  7  0  0  0  0  0  0  0  
 
d=3, s=0, k = 2, fl=1, ss=2, sl=0, l1=1,l2=1, F[M[s][fl]][ss] = 1
 1  1  2  0  0  0  0  0  
  1  1  0  0  0  0  0  0  
  1  2  0  0  0  0  0  0  
  1  1  0  0  0  0  0  0  
  1  1  0  0  0  0  0  0  
  1  1  0  0  0  0  0  0  
  1  1  0  0  0  0  0  0  
  1  0  0  0  0  0  0  0  
 
 0  0  2  0  0  0  0  0  
  1  1  0  0  0  0  0  0  
  2  3  0  0  0  0  0  0  
  3  3  0  0  0  0  0  0  
  4  4  0  0  0  0  0  0  
  5  5  0  0  0  0  0  0  
  6  6  0  0  0  0  0  0  
  7  0  0  0  0  0  0  0  
 
d=3, s=1, k = 1, fl=0, ss=2, sl=1, l1=1,l2=2, F[M[s][fl]][ss] = 0
 1  1  2  0  0  0  0  0  
  1  1  2  0  0  0  0  0  
  1  2  0  0  0  0  0  0  
  1  1  0  0  0  0  0  0  
  1  1  0  0  0  0  0  0  
  1  1  0  0  0  0  0  0  
  1  1  0  0  0  0  0  0  
  1  0  0  0  0  0  0  0  
 
 0  0  2  0  0  0  0  0  
  1  1  3  0  0  0  0  0  
  2  3  0  0  0  0  0  0  
  3  3  0  0  0  0  0  0  
  4  4  0  0  0  0  0  0  
  5  5  0  0  0  0  0  0  
  6  6  0  0  0  0  0  0  
  7  0  0  0  0  0  0  0  
 
d=3, s=1, k = 2, fl=1, ss=3, sl=0, l1=1,l2=1, F[M[s][fl]][ss] = 1
 1  1  2  0  0  0  0  0  
  1  1  2  0  0  0  0  0  
  1  2  0  0  0  0  0  0  
  1  1  0  0  0  0  0  0  
  1  1  0  0  0  0  0  0  
  1  1  0  0  0  0  0  0  
  1  1  0  0  0  0  0  0  
  1  0  0  0  0  0  0  0  
 
 0  0  2  0  0  0  0  0  
  1  1  3  0  0  0  0  0  
  2  3  0  0  0  0  0  0  
  3  3  0  0  0  0  0  0  
  4  4  0  0  0  0  0  0  
  5  5  0  0  0  0  0  0  
  6  6  0  0  0  0  0  0  
  7  0  0  0  0  0  0  0  
 
d=3, s=2, k = 1, fl=0, ss=3, sl=1, l1=1,l2=1, F[M[s][fl]][ss] = 1
 1  1  2  0  0  0  0  0  
  1  1  2  0  0  0  0  0  
  1  2  2  0  0  0  0  0  
  1  1  0  0  0  0  0  0  
  1  1  0  0  0  0  0  0  
  1  1  0  0  0  0  0  0  
  1  1  0  0  0  0  0  0  
  1  0  0  0  0  0  0  0  
 
 0  0  2  0  0  0  0  0  
  1  1  3  0  0  0  0  0  
  2  3  3  0  0  0  0  0  
  3  3  0  0  0  0  0  0  
  4  4  0  0  0  0  0  0  
  5  5  0  0  0  0  0  0  
  6  6  0  0  0  0  0  0  
  7  0  0  0  0  0  0  0  
 
d=3, s=2, k = 2, fl=1, ss=4, sl=0, l1=2,l2=1, F[M[s][fl]][ss] = 0
 1  1  2  0  0  0  0  0  
  1  1  2  0  0  0  0  0  
  1  2  2  0  0  0  0  0  
  1  1  0  0  0  0  0  0  
  1  1  0  0  0  0  0  0  
  1  1  0  0  0  0  0  0  
  1  1  0  0  0  0  0  0  
  1  0  0  0  0  0  0  0  
 
 0  0  2  0  0  0  0  0  
  1  1  3  0  0  0  0  0  
  2  3  3  0  0  0  0  0  
  3  3  0  0  0  0  0  0  
  4  4  0  0  0  0  0  0  
  5  5  0  0  0  0  0  0  
  6  6  0  0  0  0  0  0  
  7  0  0  0  0  0  0  0  
 
d=3, s=3, k = 1, fl=0, ss=4, sl=1, l1=1,l2=1, F[M[s][fl]][ss] = 0
 1  1  2  0  0  0  0  0  
  1  1  2  0  0  0  0  0  
  1  2  2  0  0  0  0  0  
  1  1  1  0  0  0  0  0  
  1  1  0  0  0  0  0  0  
  1  1  0  0  0  0  0  0  
  1  1  0  0  0  0  0  0  
  1  0  0  0  0  0  0  0  
 
 0  0  2  0  0  0  0  0  
  1  1  3  0  0  0  0  0  
  2  3  3  0  0  0  0  0  
  3  3  3  0  0  0  0  0  
  4  4  0  0  0  0  0  0  
  5  5  0  0  0  0  0  0  
  6  6  0  0  0  0  0  0  
  7  0  0  0  0  0  0  0  
 
d=3, s=3, k = 2, fl=1, ss=5, sl=0, l1=1,l2=1, F[M[s][fl]][ss] = 0
 1  1  2  0  0  0  0  0  
  1  1  2  0  0  0  0  0  
  1  2  2  0  0  0  0  0  
  1  1  1  0  0  0  0  0  
  1  1  0  0  0  0  0  0  
  1  1  0  0  0  0  0  0  
  1  1  0  0  0  0  0  0  
  1  0  0  0  0  0  0  0  
 
 0  0  2  0  0  0  0  0  
  1  1  3  0  0  0  0  0  
  2  3  3  0  0  0  0  0  
  3  3  3  0  0  0  0  0  
  4  4  0  0  0  0  0  0  
  5  5  0  0  0  0  0  0  
  6  6  0  0  0  0  0  0  
  7  0  0  0  0  0  0  0  
 
d=3, s=4, k = 1, fl=0, ss=5, sl=1, l1=1,l2=1, F[M[s][fl]][ss] = 0
 1  1  2  0  0  0  0  0  
  1  1  2  0  0  0  0  0  
  1  2  2  0  0  0  0  0  
  1  1  1  0  0  0  0  0  
  1  1  1  0  0  0  0  0  
  1  1  0  0  0  0  0  0  
  1  1  0  0  0  0  0  0  
  1  0  0  0  0  0  0  0  
 
 0  0  2  0  0  0  0  0  
  1  1  3  0  0  0  0  0  
  2  3  3  0  0  0  0  0  
  3  3  3  0  0  0  0  0  
  4  4  4  0  0  0  0  0  
  5  5  0  0  0  0  0  0  
  6  6  0  0  0  0  0  0  
  7  0  0  0  0  0  0  0  
 
d=3, s=4, k = 2, fl=1, ss=6, sl=0, l1=1,l2=1, F[M[s][fl]][ss] = 0
 1  1  2  0  0  0  0  0  
  1  1  2  0  0  0  0  0  
  1  2  2  0  0  0  0  0  
  1  1  1  0  0  0  0  0  
  1  1  1  0  0  0  0  0  
  1  1  0  0  0  0  0  0  
  1  1  0  0  0  0  0  0  
  1  0  0  0  0  0  0  0  
 
 0  0  2  0  0  0  0  0  
  1  1  3  0  0  0  0  0  
  2  3  3  0  0  0  0  0  
  3  3  3  0  0  0  0  0  
  4  4  4  0  0  0  0  0  
  5  5  0  0  0  0  0  0  
  6  6  0  0  0  0  0  0  
  7  0  0  0  0  0  0  0  
 
d=3, s=5, k = 1, fl=0, ss=6, sl=1, l1=1,l2=1, F[M[s][fl]][ss] = 0
 1  1  2  0  0  0  0  0  
  1  1  2  0  0  0  0  0  
  1  2  2  0  0  0  0  0  
  1  1  1  0  0  0  0  0  
  1  1  1  0  0  0  0  0  
  1  1  1  0  0  0  0  0  
  1  1  0  0  0  0  0  0  
  1  0  0  0  0  0  0  0  
 
 0  0  2  0  0  0  0  0  
  1  1  3  0  0  0  0  0  
  2  3  3  0  0  0  0  0  
  3  3  3  0  0  0  0  0  
  4  4  4  0  0  0  0  0  
  5  5  5  0  0  0  0  0  
  6  6  0  0  0  0  0  0  
  7  0  0  0  0  0  0  0  
 
d=3, s=5, k = 2, fl=1, ss=7, sl=0, l1=1,l2=1, F[M[s][fl]][ss] = 1
 1  1  2  0  0  0  0  0  
  1  1  2  0  0  0  0  0  
  1  2  2  0  0  0  0  0  
  1  1  1  0  0  0  0  0  
  1  1  1  0  0  0  0  0  
  1  1  2  0  0  0  0  0  
  1  1  0  0  0  0  0  0  
  1  0  0  0  0  0  0  0  
 
 0  0  2  0  0  0  0  0  
  1  1  3  0  0  0  0  0  
  2  3  3  0  0  0  0  0  
  3  3  3  0  0  0  0  0  
  4  4  4  0  0  0  0  0  
  5  5  7  0  0  0  0  0  
  6  6  0  0  0  0  0  0  
  7  0  0  0  0  0  0  0  
 
d=4, s=0, k = 1, fl=0, ss=1, sl=2, l1=1,l2=2, F[M[s][fl]][ss] = 0
 1  1  2  2  0  0  0  0  
  1  1  2  0  0  0  0  0  
  1  2  2  0  0  0  0  0  
  1  1  1  0  0  0  0  0  
  1  1  1  0  0  0  0  0  
  1  1  2  0  0  0  0  0  
  1  1  0  0  0  0  0  0  
  1  0  0  0  0  0  0  0  
 
 0  0  2  3  0  0  0  0  
  1  1  3  0  0  0  0  0  
  2  3  3  0  0  0  0  0  
  3  3  3  0  0  0  0  0  
  4  4  4  0  0  0  0  0  
  5  5  7  0  0  0  0  0  
  6  6  0  0  0  0  0  0  
  7  0  0  0  0  0  0  0  
 
d=4, s=0, k = 2, fl=1, ss=2, sl=1, l1=1,l2=2, F[M[s][fl]][ss] = 1
 1  1  2  3  0  0  0  0  
  1  1  2  0  0  0  0  0  
  1  2  2  0  0  0  0  0  
  1  1  1  0  0  0  0  0  
  1  1  1  0  0  0  0  0  
  1  1  2  0  0  0  0  0  
  1  1  0  0  0  0  0  0  
  1  0  0  0  0  0  0  0  
 
 0  0  2  3  0  0  0  0  
  1  1  3  0  0  0  0  0  
  2  3  3  0  0  0  0  0  
  3  3  3  0  0  0  0  0  
  4  4  4  0  0  0  0  0  
  5  5  7  0  0  0  0  0  
  6  6  0  0  0  0  0  0  
  7  0  0  0  0  0  0  0  
 
d=4, s=0, k = 3, fl=2, ss=3, sl=0, l1=2,l2=1, F[M[s][fl]][ss] = 1
 1  1  2  3  0  0  0  0  
  1  1  2  0  0  0  0  0  
  1  2  2  0  0  0  0  0  
  1  1  1  0  0  0  0  0  
  1  1  1  0  0  0  0  0  
  1  1  2  0  0  0  0  0  
  1  1  0  0  0  0  0  0  
  1  0  0  0  0  0  0  0  
 
 0  0  2  3  0  0  0  0  
  1  1  3  0  0  0  0  0  
  2  3  3  0  0  0  0  0  
  3  3  3  0  0  0  0  0  
  4  4  4  0  0  0  0  0  
  5  5  7  0  0  0  0  0  
  6  6  0  0  0  0  0  0  
  7  0  0  0  0  0  0  0  
 
d=4, s=1, k = 1, fl=0, ss=2, sl=2, l1=1,l2=2, F[M[s][fl]][ss] = 0
 1  1  2  3  0  0  0  0  
  1  1  2  2  0  0  0  0  
  1  2  2  0  0  0  0  0  
  1  1  1  0  0  0  0  0  
  1  1  1  0  0  0  0  0  
  1  1  2  0  0  0  0  0  
  1  1  0  0  0  0  0  0  
  1  0  0  0  0  0  0  0  
 
 0  0  2  3  0  0  0  0  
  1  1  3  3  0  0  0  0  
  2  3  3  0  0  0  0  0  
  3  3  3  0  0  0  0  0  
  4  4  4  0  0  0  0  0  
  5  5  7  0  0  0  0  0  
  6  6  0  0  0  0  0  0  
  7  0  0  0  0  0  0  0  
 
d=4, s=1, k = 2, fl=1, ss=3, sl=1, l1=1,l2=1, F[M[s][fl]][ss] = 1
 1  1  2  3  0  0  0  0  
  1  1  2  2  0  0  0  0  
  1  2  2  0  0  0  0  0  
  1  1  1  0  0  0  0  0  
  1  1  1  0  0  0  0  0  
  1  1  2  0  0  0  0  0  
  1  1  0  0  0  0  0  0  
  1  0  0  0  0  0  0  0  
 
 0  0  2  3  0  0  0  0  
  1  1  3  3  0  0  0  0  
  2  3  3  0  0  0  0  0  
  3  3  3  0  0  0  0  0  
  4  4  4  0  0  0  0  0  
  5  5  7  0  0  0  0  0  
  6  6  0  0  0  0  0  0  
  7  0  0  0  0  0  0  0  
 
d=4, s=1, k = 3, fl=2, ss=4, sl=0, l1=2,l2=1, F[M[s][fl]][ss] = 0
 1  1  2  3  0  0  0  0  
  1  1  2  2  0  0  0  0  
  1  2  2  0  0  0  0  0  
  1  1  1  0  0  0  0  0  
  1  1  1  0  0  0  0  0  
  1  1  2  0  0  0  0  0  
  1  1  0  0  0  0  0  0  
  1  0  0  0  0  0  0  0  
 
 0  0  2  3  0  0  0  0  
  1  1  3  3  0  0  0  0  
  2  3  3  0  0  0  0  0  
  3  3  3  0  0  0  0  0  
  4  4  4  0  0  0  0  0  
  5  5  7  0  0  0  0  0  
  6  6  0  0  0  0  0  0  
  7  0  0  0  0  0  0  0  
 
d=4, s=2, k = 1, fl=0, ss=3, sl=2, l1=1,l2=1, F[M[s][fl]][ss] = 1
 1  1  2  3  0  0  0  0  
  1  1  2  2  0  0  0  0  
  1  2  2  2  0  0  0  0  
  1  1  1  0  0  0  0  0  
  1  1  1  0  0  0  0  0  
  1  1  2  0  0  0  0  0  
  1  1  0  0  0  0  0  0  
  1  0  0  0  0  0  0  0  
 
 0  0  2  3  0  0  0  0  
  1  1  3  3  0  0  0  0  
  2  3  3  3  0  0  0  0  
  3  3  3  0  0  0  0  0  
  4  4  4  0  0  0  0  0  
  5  5  7  0  0  0  0  0  
  6  6  0  0  0  0  0  0  
  7  0  0  0  0  0  0  0  
 
d=4, s=2, k = 2, fl=1, ss=4, sl=1, l1=2,l2=1, F[M[s][fl]][ss] = 0
 1  1  2  3  0  0  0  0  
  1  1  2  2  0  0  0  0  
  1  2  2  2  0  0  0  0  
  1  1  1  0  0  0  0  0  
  1  1  1  0  0  0  0  0  
  1  1  2  0  0  0  0  0  
  1  1  0  0  0  0  0  0  
  1  0  0  0  0  0  0  0  
 
 0  0  2  3  0  0  0  0  
  1  1  3  3  0  0  0  0  
  2  3  3  3  0  0  0  0  
  3  3  3  0  0  0  0  0  
  4  4  4  0  0  0  0  0  
  5  5  7  0  0  0  0  0  
  6  6  0  0  0  0  0  0  
  7  0  0  0  0  0  0  0  
 
d=4, s=2, k = 3, fl=2, ss=5, sl=0, l1=2,l2=1, F[M[s][fl]][ss] = 0
 1  1  2  3  0  0  0  0  
  1  1  2  2  0  0  0  0  
  1  2  2  2  0  0  0  0  
  1  1  1  0  0  0  0  0  
  1  1  1  0  0  0  0  0  
  1  1  2  0  0  0  0  0  
  1  1  0  0  0  0  0  0  
  1  0  0  0  0  0  0  0  
 
 0  0  2  3  0  0  0  0  
  1  1  3  3  0  0  0  0  
  2  3  3  3  0  0  0  0  
  3  3  3  0  0  0  0  0  
  4  4  4  0  0  0  0  0  
  5  5  7  0  0  0  0  0  
  6  6  0  0  0  0  0  0  
  7  0  0  0  0  0  0  0  
 
d=4, s=3, k = 1, fl=0, ss=4, sl=2, l1=1,l2=1, F[M[s][fl]][ss] = 0
 1  1  2  3  0  0  0  0  
  1  1  2  2  0  0  0  0  
  1  2  2  2  0  0  0  0  
  1  1  1  1  0  0  0  0  
  1  1  1  0  0  0  0  0  
  1  1  2  0  0  0  0  0  
  1  1  0  0  0  0  0  0  
  1  0  0  0  0  0  0  0  
 
 0  0  2  3  0  0  0  0  
  1  1  3  3  0  0  0  0  
  2  3  3  3  0  0  0  0  
  3  3  3  3  0  0  0  0  
  4  4  4  0  0  0  0  0  
  5  5  7  0  0  0  0  0  
  6  6  0  0  0  0  0  0  
  7  0  0  0  0  0  0  0  
 
d=4, s=3, k = 2, fl=1, ss=5, sl=1, l1=1,l2=1, F[M[s][fl]][ss] = 0
 1  1  2  3  0  0  0  0  
  1  1  2  2  0  0  0  0  
  1  2  2  2  0  0  0  0  
  1  1  1  1  0  0  0  0  
  1  1  1  0  0  0  0  0  
  1  1  2  0  0  0  0  0  
  1  1  0  0  0  0  0  0  
  1  0  0  0  0  0  0  0  
 
 0  0  2  3  0  0  0  0  
  1  1  3  3  0  0  0  0  
  2  3  3  3  0  0  0  0  
  3  3  3  3  0  0  0  0  
  4  4  4  0  0  0  0  0  
  5  5  7  0  0  0  0  0  
  6  6  0  0  0  0  0  0  
  7  0  0  0  0  0  0  0  
 
d=4, s=3, k = 3, fl=2, ss=6, sl=0, l1=1,l2=1, F[M[s][fl]][ss] = 1
 1  1  2  3  0  0  0  0  
  1  1  2  2  0  0  0  0  
  1  2  2  2  0  0  0  0  
  1  1  1  2  0  0  0  0  
  1  1  1  0  0  0  0  0  
  1  1  2  0  0  0  0  0  
  1  1  0  0  0  0  0  0  
  1  0  0  0  0  0  0  0  
 
 0  0  2  3  0  0  0  0  
  1  1  3  3  0  0  0  0  
  2  3  3  3  0  0  0  0  
  3  3  3  6  0  0  0  0  
  4  4  4  0  0  0  0  0  
  5  5  7  0  0  0  0  0  
  6  6  0  0  0  0  0  0  
  7  0  0  0  0  0  0  0  
 
d=4, s=4, k = 1, fl=0, ss=5, sl=2, l1=1,l2=2, F[M[s][fl]][ss] = 0
 1  1  2  3  0  0  0  0  
  1  1  2  2  0  0  0  0  
  1  2  2  2  0  0  0  0  
  1  1  1  2  0  0  0  0  
  1  1  1  2  0  0  0  0  
  1  1  2  0  0  0  0  0  
  1  1  0  0  0  0  0  0  
  1  0  0  0  0  0  0  0  
 
 0  0  2  3  0  0  0  0  
  1  1  3  3  0  0  0  0  
  2  3  3  3  0  0  0  0  
  3  3  3  6  0  0  0  0  
  4  4  4  7  0  0  0  0  
  5  5  7  0  0  0  0  0  
  6  6  0  0  0  0  0  0  
  7  0  0  0  0  0  0  0  
 
d=4, s=4, k = 2, fl=1, ss=6, sl=1, l1=1,l2=1, F[M[s][fl]][ss] = 0
 1  1  2  3  0  0  0  0  
  1  1  2  2  0  0  0  0  
  1  2  2  2  0  0  0  0  
  1  1  1  2  0  0  0  0  
  1  1  1  2  0  0  0  0  
  1  1  2  0  0  0  0  0  
  1  1  0  0  0  0  0  0  
  1  0  0  0  0  0  0  0  
 
 0  0  2  3  0  0  0  0  
  1  1  3  3  0  0  0  0  
  2  3  3  3  0  0  0  0  
  3  3  3  6  0  0  0  0  
  4  4  4  7  0  0  0  0  
  5  5  7  0  0  0  0  0  
  6  6  0  0  0  0  0  0  
  7  0  0  0  0  0  0  0  
 
d=4, s=4, k = 3, fl=2, ss=7, sl=0, l1=1,l2=1, F[M[s][fl]][ss] = 0
 1  1  2  3  0  0  0  0  
  1  1  2  2  0  0  0  0  
  1  2  2  2  0  0  0  0  
  1  1  1  2  0  0  0  0  
  1  1  1  2  0  0  0  0  
  1  1  2  0  0  0  0  0  
  1  1  0  0  0  0  0  0  
  1  0  0  0  0  0  0  0  
 
 0  0  2  3  0  0  0  0  
  1  1  3  3  0  0  0  0  
  2  3  3  3  0  0  0  0  
  3  3  3  6  0  0  0  0  
  4  4  4  7  0  0  0  0  
  5  5  7  0  0  0  0  0  
  6  6  0  0  0  0  0  0  
  7  0  0  0  0  0  0  0  
 
d=5, s=0, k = 1, fl=0, ss=1, sl=3, l1=1,l2=2, F[M[s][fl]][ss] = 0
 1  1  2  3  2  0  0  0  
  1  1  2  2  0  0  0  0  
  1  2  2  2  0  0  0  0  
  1  1  1  2  0  0  0  0  
  1  1  1  2  0  0  0  0  
  1  1  2  0  0  0  0  0  
  1  1  0  0  0  0  0  0  
  1  0  0  0  0  0  0  0  
 
 0  0  2  3  3  0  0  0  
  1  1  3  3  0  0  0  0  
  2  3  3  3  0  0  0  0  
  3  3  3  6  0  0  0  0  
  4  4  4  7  0  0  0  0  
  5  5  7  0  0  0  0  0  
  6  6  0  0  0  0  0  0  
  7  0  0  0  0  0  0  0  
 
d=5, s=0, k = 2, fl=1, ss=2, sl=2, l1=1,l2=2, F[M[s][fl]][ss] = 1
 1  1  2  3  3  0  0  0  
  1  1  2  2  0  0  0  0  
  1  2  2  2  0  0  0  0  
  1  1  1  2  0  0  0  0  
  1  1  1  2  0  0  0  0  
  1  1  2  0  0  0  0  0  
  1  1  0  0  0  0  0  0  
  1  0  0  0  0  0  0  0  
 
 0  0  2  3  3  0  0  0  
  1  1  3  3  0  0  0  0  
  2  3  3  3  0  0  0  0  
  3  3  3  6  0  0  0  0  
  4  4  4  7  0  0  0  0  
  5  5  7  0  0  0  0  0  
  6  6  0  0  0  0  0  0  
  7  0  0  0  0  0  0  0  
 
d=5, s=0, k = 3, fl=2, ss=3, sl=1, l1=2,l2=1, F[M[s][fl]][ss] = 1
 1  1  2  3  3  0  0  0  
  1  1  2  2  0  0  0  0  
  1  2  2  2  0  0  0  0  
  1  1  1  2  0  0  0  0  
  1  1  1  2  0  0  0  0  
  1  1  2  0  0  0  0  0  
  1  1  0  0  0  0  0  0  
  1  0  0  0  0  0  0  0  
 
 0  0  2  3  3  0  0  0  
  1  1  3  3  0  0  0  0  
  2  3  3  3  0  0  0  0  
  3  3  3  6  0  0  0  0  
  4  4  4  7  0  0  0  0  
  5  5  7  0  0  0  0  0  
  6  6  0  0  0  0  0  0  
  7  0  0  0  0  0  0  0  
 
d=5, s=0, k = 4, fl=3, ss=4, sl=0, l1=3,l2=1, F[M[s][fl]][ss] = 0
 1  1  2  3  3  0  0  0  
  1  1  2  2  0  0  0  0  
  1  2  2  2  0  0  0  0  
  1  1  1  2  0  0  0  0  
  1  1  1  2  0  0  0  0  
  1  1  2  0  0  0  0  0  
  1  1  0  0  0  0  0  0  
  1  0  0  0  0  0  0  0  
 
 0  0  2  3  3  0  0  0  
  1  1  3  3  0  0  0  0  
  2  3  3  3  0  0  0  0  
  3  3  3  6  0  0  0  0  
  4  4  4  7  0  0  0  0  
  5  5  7  0  0  0  0  0  
  6  6  0  0  0  0  0  0  
  7  0  0  0  0  0  0  0  
 
d=5, s=1, k = 1, fl=0, ss=2, sl=3, l1=1,l2=2, F[M[s][fl]][ss] = 0
 1  1  2  3  3  0  0  0  
  1  1  2  2  2  0  0  0  
  1  2  2  2  0  0  0  0  
  1  1  1  2  0  0  0  0  
  1  1  1  2  0  0  0  0  
  1  1  2  0  0  0  0  0  
  1  1  0  0  0  0  0  0  
  1  0  0  0  0  0  0  0  
 
 0  0  2  3  3  0  0  0  
  1  1  3  3  3  0  0  0  
  2  3  3  3  0  0  0  0  
  3  3  3  6  0  0  0  0  
  4  4  4  7  0  0  0  0  
  5  5  7  0  0  0  0  0  
  6  6  0  0  0  0  0  0  
  7  0  0  0  0  0  0  0  
 
d=5, s=1, k = 2, fl=1, ss=3, sl=2, l1=1,l2=1, F[M[s][fl]][ss] = 1
 1  1  2  3  3  0  0  0  
  1  1  2  2  2  0  0  0  
  1  2  2  2  0  0  0  0  
  1  1  1  2  0  0  0  0  
  1  1  1  2  0  0  0  0  
  1  1  2  0  0  0  0  0  
  1  1  0  0  0  0  0  0  
  1  0  0  0  0  0  0  0  
 
 0  0  2  3  3  0  0  0  
  1  1  3  3  3  0  0  0  
  2  3  3  3  0  0  0  0  
  3  3  3  6  0  0  0  0  
  4  4  4  7  0  0  0  0  
  5  5  7  0  0  0  0  0  
  6  6  0  0  0  0  0  0  
  7  0  0  0  0  0  0  0  
 
d=5, s=1, k = 3, fl=2, ss=4, sl=1, l1=2,l2=1, F[M[s][fl]][ss] = 0
 1  1  2  3  3  0  0  0  
  1  1  2  2  2  0  0  0  
  1  2  2  2  0  0  0  0  
  1  1  1  2  0  0  0  0  
  1  1  1  2  0  0  0  0  
  1  1  2  0  0  0  0  0  
  1  1  0  0  0  0  0  0  
  1  0  0  0  0  0  0  0  
 
 0  0  2  3  3  0  0  0  
  1  1  3  3  3  0  0  0  
  2  3  3  3  0  0  0  0  
  3  3  3  6  0  0  0  0  
  4  4  4  7  0  0  0  0  
  5  5  7  0  0  0  0  0  
  6  6  0  0  0  0  0  0  
  7  0  0  0  0  0  0  0  
 
d=5, s=1, k = 4, fl=3, ss=5, sl=0, l1=2,l2=1, F[M[s][fl]][ss] = 0
 1  1  2  3  3  0  0  0  
  1  1  2  2  2  0  0  0  
  1  2  2  2  0  0  0  0  
  1  1  1  2  0  0  0  0  
  1  1  1  2  0  0  0  0  
  1  1  2  0  0  0  0  0  
  1  1  0  0  0  0  0  0  
  1  0  0  0  0  0  0  0  
 
 0  0  2  3  3  0  0  0  
  1  1  3  3  3  0  0  0  
  2  3  3  3  0  0  0  0  
  3  3  3  6  0  0  0  0  
  4  4  4  7  0  0  0  0  
  5  5  7  0  0  0  0  0  
  6  6  0  0  0  0  0  0  
  7  0  0  0  0  0  0  0  
 
d=5, s=2, k = 1, fl=0, ss=3, sl=3, l1=1,l2=2, F[M[s][fl]][ss] = 1
 1  1  2  3  3  0  0  0  
  1  1  2  2  2  0  0  0  
  1  2  2  2  3  0  0  0  
  1  1  1  2  0  0  0  0  
  1  1  1  2  0  0  0  0  
  1  1  2  0  0  0  0  0  
  1  1  0  0  0  0  0  0  
  1  0  0  0  0  0  0  0  
 
 0  0  2  3  3  0  0  0  
  1  1  3  3  3  0  0  0  
  2  3  3  3  6  0  0  0  
  3  3  3  6  0  0  0  0  
  4  4  4  7  0  0  0  0  
  5  5  7  0  0  0  0  0  
  6  6  0  0  0  0  0  0  
  7  0  0  0  0  0  0  0  
 
d=5, s=2, k = 2, fl=1, ss=4, sl=2, l1=2,l2=1, F[M[s][fl]][ss] = 0
 1  1  2  3  3  0  0  0  
  1  1  2  2  2  0  0  0  
  1  2  2  2  3  0  0  0  
  1  1  1  2  0  0  0  0  
  1  1  1  2  0  0  0  0  
  1  1  2  0  0  0  0  0  
  1  1  0  0  0  0  0  0  
  1  0  0  0  0  0  0  0  
 
 0  0  2  3  3  0  0  0  
  1  1  3  3  3  0  0  0  
  2  3  3  3  6  0  0  0  
  3  3  3  6  0  0  0  0  
  4  4  4  7  0  0  0  0  
  5  5  7  0  0  0  0  0  
  6  6  0  0  0  0  0  0  
  7  0  0  0  0  0  0  0  
 
d=5, s=2, k = 3, fl=2, ss=5, sl=1, l1=2,l2=1, F[M[s][fl]][ss] = 0
 1  1  2  3  3  0  0  0  
  1  1  2  2  2  0  0  0  
  1  2  2  2  3  0  0  0  
  1  1  1  2  0  0  0  0  
  1  1  1  2  0  0  0  0  
  1  1  2  0  0  0  0  0  
  1  1  0  0  0  0  0  0  
  1  0  0  0  0  0  0  0  
 
 0  0  2  3  3  0  0  0  
  1  1  3  3  3  0  0  0  
  2  3  3  3  6  0  0  0  
  3  3  3  6  0  0  0  0  
  4  4  4  7  0  0  0  0  
  5  5  7  0  0  0  0  0  
  6  6  0  0  0  0  0  0  
  7  0  0  0  0  0  0  0  
 
d=5, s=2, k = 4, fl=3, ss=6, sl=0, l1=2,l2=1, F[M[s][fl]][ss] = 1
 1  1  2  3  3  0  0  0  
  1  1  2  2  2  0  0  0  
  1  2  2  2  3  0  0  0  
  1  1  1  2  0  0  0  0  
  1  1  1  2  0  0  0  0  
  1  1  2  0  0  0  0  0  
  1  1  0  0  0  0  0  0  
  1  0  0  0  0  0  0  0  
 
 0  0  2  3  3  0  0  0  
  1  1  3  3  3  0  0  0  
  2  3  3  3  6  0  0  0  
  3  3  3  6  0  0  0  0  
  4  4  4  7  0  0  0  0  
  5  5  7  0  0  0  0  0  
  6  6  0  0  0  0  0  0  
  7  0  0  0  0  0  0  0  
 
d=5, s=3, k = 1, fl=0, ss=4, sl=3, l1=1,l2=2, F[M[s][fl]][ss] = 0
 1  1  2  3  3  0  0  0  
  1  1  2  2  2  0  0  0  
  1  2  2  2  3  0  0  0  
  1  1  1  2  2  0  0  0  
  1  1  1  2  0  0  0  0  
  1  1  2  0  0  0  0  0  
  1  1  0  0  0  0  0  0  
  1  0  0  0  0  0  0  0  
 
 0  0  2  3  3  0  0  0  
  1  1  3  3  3  0  0  0  
  2  3  3  3  6  0  0  0  
  3  3  3  6  7  0  0  0  
  4  4  4  7  0  0  0  0  
  5  5  7  0  0  0  0  0  
  6  6  0  0  0  0  0  0  
  7  0  0  0  0  0  0  0  
 
d=5, s=3, k = 2, fl=1, ss=5, sl=2, l1=1,l2=2, F[M[s][fl]][ss] = 0
 1  1  2  3  3  0  0  0  
  1  1  2  2  2  0  0  0  
  1  2  2  2  3  0  0  0  
  1  1  1  2  2  0  0  0  
  1  1  1  2  0  0  0  0  
  1  1  2  0  0  0  0  0  
  1  1  0  0  0  0  0  0  
  1  0  0  0  0  0  0  0  
 
 0  0  2  3  3  0  0  0  
  1  1  3  3  3  0  0  0  
  2  3  3  3  6  0  0  0  
  3  3  3  6  7  0  0  0  
  4  4  4  7  0  0  0  0  
  5  5  7  0  0  0  0  0  
  6  6  0  0  0  0  0  0  
  7  0  0  0  0  0  0  0  
 
d=5, s=3, k = 3, fl=2, ss=6, sl=1, l1=1,l2=1, F[M[s][fl]][ss] = 1
 1  1  2  3  3  0  0  0  
  1  1  2  2  2  0  0  0  
  1  2  2  2  3  0  0  0  
  1  1  1  2  2  0  0  0  
  1  1  1  2  0  0  0  0  
  1  1  2  0  0  0  0  0  
  1  1  0  0  0  0  0  0  
  1  0  0  0  0  0  0  0  
 
 0  0  2  3  3  0  0  0  
  1  1  3  3  3  0  0  0  
  2  3  3  3  6  0  0  0  
  3  3  3  6  7  0  0  0  
  4  4  4  7  0  0  0  0  
  5  5  7  0  0  0  0  0  
  6  6  0  0  0  0  0  0  
  7  0  0  0  0  0  0  0  
 
d=5, s=3, k = 4, fl=3, ss=7, sl=0, l1=2,l2=1, F[M[s][fl]][ss] = 0
 1  1  2  3  3  0  0  0  
  1  1  2  2  2  0  0  0  
  1  2  2  2  3  0  0  0  
  1  1  1  2  2  0  0  0  
  1  1  1  2  0  0  0  0  
  1  1  2  0  0  0  0  0  
  1  1  0  0  0  0  0  0  
  1  0  0  0  0  0  0  0  
 
 0  0  2  3  3  0  0  0  
  1  1  3  3  3  0  0  0  
  2  3  3  3  6  0  0  0  
  3  3  3  6  7  0  0  0  
  4  4  4  7  0  0  0  0  
  5  5  7  0  0  0  0  0  
  6  6  0  0  0  0  0  0  
  7  0  0  0  0  0  0  0  
 
d=6, s=0, k = 1, fl=0, ss=1, sl=4, l1=1,l2=2, F[M[s][fl]][ss] = 0
 1  1  2  3  3  2  0  0  
  1  1  2  2  2  0  0  0  
  1  2  2  2  3  0  0  0  
  1  1  1  2  2  0  0  0  
  1  1  1  2  0  0  0  0  
  1  1  2  0  0  0  0  0  
  1  1  0  0  0  0  0  0  
  1  0  0  0  0  0  0  0  
 
 0  0  2  3  3  3  0  0  
  1  1  3  3  3  0  0  0  
  2  3  3  3  6  0  0  0  
  3  3  3  6  7  0  0  0  
  4  4  4  7  0  0  0  0  
  5  5  7  0  0  0  0  0  
  6  6  0  0  0  0  0  0  
  7  0  0  0  0  0  0  0  
 
d=6, s=0, k = 2, fl=1, ss=2, sl=3, l1=1,l2=2, F[M[s][fl]][ss] = 1
 1  1  2  3  3  3  0  0  
  1  1  2  2  2  0  0  0  
  1  2  2  2  3  0  0  0  
  1  1  1  2  2  0  0  0  
  1  1  1  2  0  0  0  0  
  1  1  2  0  0  0  0  0  
  1  1  0  0  0  0  0  0  
  1  0  0  0  0  0  0  0  
 
 0  0  2  3  3  3  0  0  
  1  1  3  3  3  0  0  0  
  2  3  3  3  6  0  0  0  
  3  3  3  6  7  0  0  0  
  4  4  4  7  0  0  0  0  
  5  5  7  0  0  0  0  0  
  6  6  0  0  0  0  0  0  
  7  0  0  0  0  0  0  0  
 
d=6, s=0, k = 3, fl=2, ss=3, sl=2, l1=2,l2=1, F[M[s][fl]][ss] = 1
 1  1  2  3  3  3  0  0  
  1  1  2  2  2  0  0  0  
  1  2  2  2  3  0  0  0  
  1  1  1  2  2  0  0  0  
  1  1  1  2  0  0  0  0  
  1  1  2  0  0  0  0  0  
  1  1  0  0  0  0  0  0  
  1  0  0  0  0  0  0  0  
 
 0  0  2  3  3  3  0  0  
  1  1  3  3  3  0  0  0  
  2  3  3  3  6  0  0  0  
  3  3  3  6  7  0  0  0  
  4  4  4  7  0  0  0  0  
  5  5  7  0  0  0  0  0  
  6  6  0  0  0  0  0  0  
  7  0  0  0  0  0  0  0  
 
d=6, s=0, k = 4, fl=3, ss=4, sl=1, l1=3,l2=1, F[M[s][fl]][ss] = 0
 1  1  2  3  3  3  0  0  
  1  1  2  2  2  0  0  0  
  1  2  2  2  3  0  0  0  
  1  1  1  2  2  0  0  0  
  1  1  1  2  0  0  0  0  
  1  1  2  0  0  0  0  0  
  1  1  0  0  0  0  0  0  
  1  0  0  0  0  0  0  0  
 
 0  0  2  3  3  3  0  0  
  1  1  3  3  3  0  0  0  
  2  3  3  3  6  0  0  0  
  3  3  3  6  7  0  0  0  
  4  4  4  7  0  0  0  0  
  5  5  7  0  0  0  0  0  
  6  6  0  0  0  0  0  0  
  7  0  0  0  0  0  0  0  
 
d=6, s=0, k = 5, fl=4, ss=5, sl=0, l1=3,l2=1, F[M[s][fl]][ss] = 0
 1  1  2  3  3  3  0  0  
  1  1  2  2  2  0  0  0  
  1  2  2  2  3  0  0  0  
  1  1  1  2  2  0  0  0  
  1  1  1  2  0  0  0  0  
  1  1  2  0  0  0  0  0  
  1  1  0  0  0  0  0  0  
  1  0  0  0  0  0  0  0  
 
 0  0  2  3  3  3  0  0  
  1  1  3  3  3  0  0  0  
  2  3  3  3  6  0  0  0  
  3  3  3  6  7  0  0  0  
  4  4  4  7  0  0  0  0  
  5  5  7  0  0  0  0  0  
  6  6  0  0  0  0  0  0  
  7  0  0  0  0  0  0  0  
 
d=6, s=1, k = 1, fl=0, ss=2, sl=4, l1=1,l2=3, F[M[s][fl]][ss] = 0
 1  1  2  3  3  3  0  0  
  1  1  2  2  2  3  0  0  
  1  2  2  2  3  0  0  0  
  1  1  1  2  2  0  0  0  
  1  1  1  2  0  0  0  0  
  1  1  2  0  0  0  0  0  
  1  1  0  0  0  0  0  0  
  1  0  0  0  0  0  0  0  
 
 0  0  2  3  3  3  0  0  
  1  1  3  3  3  6  0  0  
  2  3  3  3  6  0  0  0  
  3  3  3  6  7  0  0  0  
  4  4  4  7  0  0  0  0  
  5  5  7  0  0  0  0  0  
  6  6  0  0  0  0  0  0  
  7  0  0  0  0  0  0  0  
 
d=6, s=1, k = 2, fl=1, ss=3, sl=3, l1=1,l2=2, F[M[s][fl]][ss] = 1
 1  1  2  3  3  3  0  0  
  1  1  2  2  2  3  0  0  
  1  2  2  2  3  0  0  0  
  1  1  1  2  2  0  0  0  
  1  1  1  2  0  0  0  0  
  1  1  2  0  0  0  0  0  
  1  1  0  0  0  0  0  0  
  1  0  0  0  0  0  0  0  
 
 0  0  2  3  3  3  0  0  
  1  1  3  3  3  6  0  0  
  2  3  3  3  6  0  0  0  
  3  3  3  6  7  0  0  0  
  4  4  4  7  0  0  0  0  
  5  5  7  0  0  0  0  0  
  6  6  0  0  0  0  0  0  
  7  0  0  0  0  0  0  0  
 
d=6, s=1, k = 3, fl=2, ss=4, sl=2, l1=2,l2=1, F[M[s][fl]][ss] = 0
 1  1  2  3  3  3  0  0  
  1  1  2  2  2  3  0  0  
  1  2  2  2  3  0  0  0  
  1  1  1  2  2  0  0  0  
  1  1  1  2  0  0  0  0  
  1  1  2  0  0  0  0  0  
  1  1  0  0  0  0  0  0  
  1  0  0  0  0  0  0  0  
 
 0  0  2  3  3  3  0  0  
  1  1  3  3  3  6  0  0  
  2  3  3  3  6  0  0  0  
  3  3  3  6  7  0  0  0  
  4  4  4  7  0  0  0  0  
  5  5  7  0  0  0  0  0  
  6  6  0  0  0  0  0  0  
  7  0  0  0  0  0  0  0  
 
d=6, s=1, k = 4, fl=3, ss=5, sl=1, l1=2,l2=1, F[M[s][fl]][ss] = 0
 1  1  2  3  3  3  0  0  
  1  1  2  2  2  3  0  0  
  1  2  2  2  3  0  0  0  
  1  1  1  2  2  0  0  0  
  1  1  1  2  0  0  0  0  
  1  1  2  0  0  0  0  0  
  1  1  0  0  0  0  0  0  
  1  0  0  0  0  0  0  0  
 
 0  0  2  3  3  3  0  0  
  1  1  3  3  3  6  0  0  
  2  3  3  3  6  0  0  0  
  3  3  3  6  7  0  0  0  
  4  4  4  7  0  0  0  0  
  5  5  7  0  0  0  0  0  
  6  6  0  0  0  0  0  0  
  7  0  0  0  0  0  0  0  
 
d=6, s=1, k = 5, fl=4, ss=6, sl=0, l1=2,l2=1, F[M[s][fl]][ss] = 1
 1  1  2  3  3  3  0  0  
  1  1  2  2  2  3  0  0  
  1  2  2  2  3  0  0  0  
  1  1  1  2  2  0  0  0  
  1  1  1  2  0  0  0  0  
  1  1  2  0  0  0  0  0  
  1  1  0  0  0  0  0  0  
  1  0  0  0  0  0  0  0  
 
 0  0  2  3  3  3  0  0  
  1  1  3  3  3  6  0  0  
  2  3  3  3  6  0  0  0  
  3  3  3  6  7  0  0  0  
  4  4  4  7  0  0  0  0  
  5  5  7  0  0  0  0  0  
  6  6  0  0  0  0  0  0  
  7  0  0  0  0  0  0  0  
 
d=6, s=2, k = 1, fl=0, ss=3, sl=4, l1=1,l2=2, F[M[s][fl]][ss] = 1
 1  1  2  3  3  3  0  0  
  1  1  2  2  2  3  0  0  
  1  2  2  2  3  3  0  0  
  1  1  1  2  2  0  0  0  
  1  1  1  2  0  0  0  0  
  1  1  2  0  0  0  0  0  
  1  1  0  0  0  0  0  0  
  1  0  0  0  0  0  0  0  
 
 0  0  2  3  3  3  0  0  
  1  1  3  3  3  6  0  0  
  2  3  3  3  6  7  0  0  
  3  3  3  6  7  0  0  0  
  4  4  4  7  0  0  0  0  
  5  5  7  0  0  0  0  0  
  6  6  0  0  0  0  0  0  
  7  0  0  0  0  0  0  0  
 
d=6, s=2, k = 2, fl=1, ss=4, sl=3, l1=2,l2=2, F[M[s][fl]][ss] = 0
 1  1  2  3  3  3  0  0  
  1  1  2  2  2  3  0  0  
  1  2  2  2  3  3  0  0  
  1  1  1  2  2  0  0  0  
  1  1  1  2  0  0  0  0  
  1  1  2  0  0  0  0  0  
  1  1  0  0  0  0  0  0  
  1  0  0  0  0  0  0  0  
 
 0  0  2  3  3  3  0  0  
  1  1  3  3  3  6  0  0  
  2  3  3  3  6  7  0  0  
  3  3  3  6  7  0  0  0  
  4  4  4  7  0  0  0  0  
  5  5  7  0  0  0  0  0  
  6  6  0  0  0  0  0  0  
  7  0  0  0  0  0  0  0  
 
d=6, s=2, k = 3, fl=2, ss=5, sl=2, l1=2,l2=2, F[M[s][fl]][ss] = 0
 1  1  2  3  3  3  0  0  
  1  1  2  2  2  3  0  0  
  1  2  2  2  3  3  0  0  
  1  1  1  2  2  0  0  0  
  1  1  1  2  0  0  0  0  
  1  1  2  0  0  0  0  0  
  1  1  0  0  0  0  0  0  
  1  0  0  0  0  0  0  0  
 
 0  0  2  3  3  3  0  0  
  1  1  3  3  3  6  0  0  
  2  3  3  3  6  7  0  0  
  3  3  3  6  7  0  0  0  
  4  4  4  7  0  0  0  0  
  5  5  7  0  0  0  0  0  
  6  6  0  0  0  0  0  0  
  7  0  0  0  0  0  0  0  
 
d=6, s=2, k = 4, fl=3, ss=6, sl=1, l1=2,l2=1, F[M[s][fl]][ss] = 1
 1  1  2  3  3  3  0  0  
  1  1  2  2  2  3  0  0  
  1  2  2  2  3  3  0  0  
  1  1  1  2  2  0  0  0  
  1  1  1  2  0  0  0  0  
  1  1  2  0  0  0  0  0  
  1  1  0  0  0  0  0  0  
  1  0  0  0  0  0  0  0  
 
 0  0  2  3  3  3  0  0  
  1  1  3  3  3  6  0  0  
  2  3  3  3  6  7  0  0  
  3  3  3  6  7  0  0  0  
  4  4  4  7  0  0  0  0  
  5  5  7  0  0  0  0  0  
  6  6  0  0  0  0  0  0  
  7  0  0  0  0  0  0  0  
 
d=6, s=2, k = 5, fl=4, ss=7, sl=0, l1=3,l2=1, F[M[s][fl]][ss] = 0
 1  1  2  3  3  3  0  0  
  1  1  2  2  2  3  0  0  
  1  2  2  2  3  3  0  0  
  1  1  1  2  2  0  0  0  
  1  1  1  2  0  0  0  0  
  1  1  2  0  0  0  0  0  
  1  1  0  0  0  0  0  0  
  1  0  0  0  0  0  0  0  
 
 0  0  2  3  3  3  0  0  
  1  1  3  3  3  6  0  0  
  2  3  3  3  6  7  0  0  
  3  3  3  6  7  0  0  0  
  4  4  4  7  0  0  0  0  
  5  5  7  0  0  0  0  0  
  6  6  0  0  0  0  0  0  
  7  0  0  0  0  0  0  0  
 
d=7, s=0, k = 1, fl=0, ss=1, sl=5, l1=1,l2=3, F[M[s][fl]][ss] = 0
 1  1  2  3  3  3  3  0  
  1  1  2  2  2  3  0  0  
  1  2  2  2  3  3  0  0  
  1  1  1  2  2  0  0  0  
  1  1  1  2  0  0  0  0  
  1  1  2  0  0  0  0  0  
  1  1  0  0  0  0  0  0  
  1  0  0  0  0  0  0  0  
 
 0  0  2  3  3  3  6  0  
  1  1  3  3  3  6  0  0  
  2  3  3  3  6  7  0  0  
  3  3  3  6  7  0  0  0  
  4  4  4  7  0  0  0  0  
  5  5  7  0  0  0  0  0  
  6  6  0  0  0  0  0  0  
  7  0  0  0  0  0  0  0  
 
d=7, s=0, k = 2, fl=1, ss=2, sl=4, l1=1,l2=3, F[M[s][fl]][ss] = 1
 1  1  2  3  3  3  4  0  
  1  1  2  2  2  3  0  0  
  1  2  2  2  3  3  0  0  
  1  1  1  2  2  0  0  0  
  1  1  1  2  0  0  0  0  
  1  1  2  0  0  0  0  0  
  1  1  0  0  0  0  0  0  
  1  0  0  0  0  0  0  0  
 
 0  0  2  3  3  3  6  0  
  1  1  3  3  3  6  0  0  
  2  3  3  3  6  7  0  0  
  3  3  3  6  7  0  0  0  
  4  4  4  7  0  0  0  0  
  5  5  7  0  0  0  0  0  
  6  6  0  0  0  0  0  0  
  7  0  0  0  0  0  0  0  
 
d=7, s=0, k = 3, fl=2, ss=3, sl=3, l1=2,l2=2, F[M[s][fl]][ss] = 1
 1  1  2  3  3  3  4  0  
  1  1  2  2  2  3  0  0  
  1  2  2  2  3  3  0  0  
  1  1  1  2  2  0  0  0  
  1  1  1  2  0  0  0  0  
  1  1  2  0  0  0  0  0  
  1  1  0  0  0  0  0  0  
  1  0  0  0  0  0  0  0  
 
 0  0  2  3  3  3  6  0  
  1  1  3  3  3  6  0  0  
  2  3  3  3  6  7  0  0  
  3  3  3  6  7  0  0  0  
  4  4  4  7  0  0  0  0  
  5  5  7  0  0  0  0  0  
  6  6  0  0  0  0  0  0  
  7  0  0  0  0  0  0  0  
 
d=7, s=0, k = 4, fl=3, ss=4, sl=2, l1=3,l2=1, F[M[s][fl]][ss] = 0
 1  1  2  3  3  3  4  0  
  1  1  2  2  2  3  0  0  
  1  2  2  2  3  3  0  0  
  1  1  1  2  2  0  0  0  
  1  1  1  2  0  0  0  0  
  1  1  2  0  0  0  0  0  
  1  1  0  0  0  0  0  0  
  1  0  0  0  0  0  0  0  
 
 0  0  2  3  3  3  6  0  
  1  1  3  3  3  6  0  0  
  2  3  3  3  6  7  0  0  
  3  3  3  6  7  0  0  0  
  4  4  4  7  0  0  0  0  
  5  5  7  0  0  0  0  0  
  6  6  0  0  0  0  0  0  
  7  0  0  0  0  0  0  0  
 
d=7, s=0, k = 5, fl=4, ss=5, sl=1, l1=3,l2=1, F[M[s][fl]][ss] = 0
 1  1  2  3  3  3  4  0  
  1  1  2  2  2  3  0  0  
  1  2  2  2  3  3  0  0  
  1  1  1  2  2  0  0  0  
  1  1  1  2  0  0  0  0  
  1  1  2  0  0  0  0  0  
  1  1  0  0  0  0  0  0  
  1  0  0  0  0  0  0  0  
 
 0  0  2  3  3  3  6  0  
  1  1  3  3  3  6  0  0  
  2  3  3  3  6  7  0  0  
  3  3  3  6  7  0  0  0  
  4  4  4  7  0  0  0  0  
  5  5  7  0  0  0  0  0  
  6  6  0  0  0  0  0  0  
  7  0  0  0  0  0  0  0  
 
d=7, s=0, k = 6, fl=5, ss=6, sl=0, l1=3,l2=1, F[M[s][fl]][ss] = 1
 1  1  2  3  3  3  4  0  
  1  1  2  2  2  3  0  0  
  1  2  2  2  3  3  0  0  
  1  1  1  2  2  0  0  0  
  1  1  1  2  0  0  0  0  
  1  1  2  0  0  0  0  0  
  1  1  0  0  0  0  0  0  
  1  0  0  0  0  0  0  0  
 
 0  0  2  3  3  3  6  0  
  1  1  3  3  3  6  0  0  
  2  3  3  3  6  7  0  0  
  3  3  3  6  7  0  0  0  
  4  4  4  7  0  0  0  0  
  5  5  7  0  0  0  0  0  
  6  6  0  0  0  0  0  0  
  7  0  0  0  0  0  0  0  
 
d=7, s=1, k = 1, fl=0, ss=2, sl=5, l1=1,l2=3, F[M[s][fl]][ss] = 0
 1  1  2  3  3  3  4  0  
  1  1  2  2  2  3  3  0  
  1  2  2  2  3  3  0  0  
  1  1  1  2  2  0  0  0  
  1  1  1  2  0  0  0  0  
  1  1  2  0  0  0  0  0  
  1  1  0  0  0  0  0  0  
  1  0  0  0  0  0  0  0  
 
 0  0  2  3  3  3  6  0  
  1  1  3  3  3  6  7  0  
  2  3  3  3  6  7  0  0  
  3  3  3  6  7  0  0  0  
  4  4  4  7  0  0  0  0  
  5  5  7  0  0  0  0  0  
  6  6  0  0  0  0  0  0  
  7  0  0  0  0  0  0  0  
 
d=7, s=1, k = 2, fl=1, ss=3, sl=4, l1=1,l2=2, F[M[s][fl]][ss] = 1
 1  1  2  3  3  3  4  0  
  1  1  2  2  2  3  3  0  
  1  2  2  2  3  3  0  0  
  1  1  1  2  2  0  0  0  
  1  1  1  2  0  0  0  0  
  1  1  2  0  0  0  0  0  
  1  1  0  0  0  0  0  0  
  1  0  0  0  0  0  0  0  
 
 0  0  2  3  3  3  6  0  
  1  1  3  3  3  6  7  0  
  2  3  3  3  6  7  0  0  
  3  3  3  6  7  0  0  0  
  4  4  4  7  0  0  0  0  
  5  5  7  0  0  0  0  0  
  6  6  0  0  0  0  0  0  
  7  0  0  0  0  0  0  0  
 
d=7, s=1, k = 3, fl=2, ss=4, sl=3, l1=2,l2=2, F[M[s][fl]][ss] = 0
 1  1  2  3  3  3  4  0  
  1  1  2  2  2  3  3  0  
  1  2  2  2  3  3  0  0  
  1  1  1  2  2  0  0  0  
  1  1  1  2  0  0  0  0  
  1  1  2  0  0  0  0  0  
  1  1  0  0  0  0  0  0  
  1  0  0  0  0  0  0  0  
 
 0  0  2  3  3  3  6  0  
  1  1  3  3  3  6  7  0  
  2  3  3  3  6  7  0  0  
  3  3  3  6  7  0  0  0  
  4  4  4  7  0  0  0  0  
  5  5  7  0  0  0  0  0  
  6  6  0  0  0  0  0  0  
  7  0  0  0  0  0  0  0  
 
d=7, s=1, k = 4, fl=3, ss=5, sl=2, l1=2,l2=2, F[M[s][fl]][ss] = 0
 1  1  2  3  3  3  4  0  
  1  1  2  2  2  3  3  0  
  1  2  2  2  3  3  0  0  
  1  1  1  2  2  0  0  0  
  1  1  1  2  0  0  0  0  
  1  1  2  0  0  0  0  0  
  1  1  0  0  0  0  0  0  
  1  0  0  0  0  0  0  0  
 
 0  0  2  3  3  3  6  0  
  1  1  3  3  3  6  7  0  
  2  3  3  3  6  7  0  0  
  3  3  3  6  7  0  0  0  
  4  4  4  7  0  0  0  0  
  5  5  7  0  0  0  0  0  
  6  6  0  0  0  0  0  0  
  7  0  0  0  0  0  0  0  
 
d=7, s=1, k = 5, fl=4, ss=6, sl=1, l1=2,l2=1, F[M[s][fl]][ss] = 1
 1  1  2  3  3  3  4  0  
  1  1  2  2  2  3  3  0  
  1  2  2  2  3  3  0  0  
  1  1  1  2  2  0  0  0  
  1  1  1  2  0  0  0  0  
  1  1  2  0  0  0  0  0  
  1  1  0  0  0  0  0  0  
  1  0  0  0  0  0  0  0  
 
 0  0  2  3  3  3  6  0  
  1  1  3  3  3  6  7  0  
  2  3  3  3  6  7  0  0  
  3  3  3  6  7  0  0  0  
  4  4  4  7  0  0  0  0  
  5  5  7  0  0  0  0  0  
  6  6  0  0  0  0  0  0  
  7  0  0  0  0  0  0  0  
 
d=7, s=1, k = 6, fl=5, ss=7, sl=0, l1=3,l2=1, F[M[s][fl]][ss] = 0
 1  1  2  3  3  3  4  0  
  1  1  2  2  2  3  3  0  
  1  2  2  2  3  3  0  0  
  1  1  1  2  2  0  0  0  
  1  1  1  2  0  0  0  0  
  1  1  2  0  0  0  0  0  
  1  1  0  0  0  0  0  0  
  1  0  0  0  0  0  0  0  
 
 0  0  2  3  3  3  6  0  
  1  1  3  3  3  6  7  0  
  2  3  3  3  6  7  0  0  
  3  3  3  6  7  0  0  0  
  4  4  4  7  0  0  0  0  
  5  5  7  0  0  0  0  0  
  6  6  0  0  0  0  0  0  
  7  0  0  0  0  0  0  0  
 
d=8, s=0, k = 1, fl=0, ss=1, sl=6, l1=1,l2=3, F[M[s][fl]][ss] = 0
 1  1  2  3  3  3  4  3  
  1  1  2  2  2  3  3  0  
  1  2  2  2  3  3  0  0  
  1  1  1  2  2  0  0  0  
  1  1  1  2  0  0  0  0  
  1  1  2  0  0  0  0  0  
  1  1  0  0  0  0  0  0  
  1  0  0  0  0  0  0  0  
 
 0  0  2  3  3  3  6  7  
  1  1  3  3  3  6  7  0  
  2  3  3  3  6  7  0  0  
  3  3  3  6  7  0  0  0  
  4  4  4  7  0  0  0  0  
  5  5  7  0  0  0  0  0  
  6  6  0  0  0  0  0  0  
  7  0  0  0  0  0  0  0  
 
d=8, s=0, k = 2, fl=1, ss=2, sl=5, l1=1,l2=3, F[M[s][fl]][ss] = 1
 1  1  2  3  3  3  4  4  
  1  1  2  2  2  3  3  0  
  1  2  2  2  3  3  0  0  
  1  1  1  2  2  0  0  0  
  1  1  1  2  0  0  0  0  
  1  1  2  0  0  0  0  0  
  1  1  0  0  0  0  0  0  
  1  0  0  0  0  0  0  0  
 
 0  0  2  3  3  3  6  7  
  1  1  3  3  3  6  7  0  
  2  3  3  3  6  7  0  0  
  3  3  3  6  7  0  0  0  
  4  4  4  7  0  0  0  0  
  5  5  7  0  0  0  0  0  
  6  6  0  0  0  0  0  0  
  7  0  0  0  0  0  0  0  
 
d=8, s=0, k = 3, fl=2, ss=3, sl=4, l1=2,l2=2, F[M[s][fl]][ss] = 1
 1  1  2  3  3  3  4  4  
  1  1  2  2  2  3  3  0  
  1  2  2  2  3  3  0  0  
  1  1  1  2  2  0  0  0  
  1  1  1  2  0  0  0  0  
  1  1  2  0  0  0  0  0  
  1  1  0  0  0  0  0  0  
  1  0  0  0  0  0  0  0  
 
 0  0  2  3  3  3  6  7  
  1  1  3  3  3  6  7  0  
  2  3  3  3  6  7  0  0  
  3  3  3  6  7  0  0  0  
  4  4  4  7  0  0  0  0  
  5  5  7  0  0  0  0  0  
  6  6  0  0  0  0  0  0  
  7  0  0  0  0  0  0  0  
 
d=8, s=0, k = 4, fl=3, ss=4, sl=3, l1=3,l2=2, F[M[s][fl]][ss] = 0
 1  1  2  3  3  3  4  4  
  1  1  2  2  2  3  3  0  
  1  2  2  2  3  3  0  0  
  1  1  1  2  2  0  0  0  
  1  1  1  2  0  0  0  0  
  1  1  2  0  0  0  0  0  
  1  1  0  0  0  0  0  0  
  1  0  0  0  0  0  0  0  
 
 0  0  2  3  3  3  6  7  
  1  1  3  3  3  6  7  0  
  2  3  3  3  6  7  0  0  
  3  3  3  6  7  0  0  0  
  4  4  4  7  0  0  0  0  
  5  5  7  0  0  0  0  0  
  6  6  0  0  0  0  0  0  
  7  0  0  0  0  0  0  0  
 
d=8, s=0, k = 5, fl=4, ss=5, sl=2, l1=3,l2=2, F[M[s][fl]][ss] = 0
 1  1  2  3  3  3  4  4  
  1  1  2  2  2  3  3  0  
  1  2  2  2  3  3  0  0  
  1  1  1  2  2  0  0  0  
  1  1  1  2  0  0  0  0  
  1  1  2  0  0  0  0  0  
  1  1  0  0  0  0  0  0  
  1  0  0  0  0  0  0  0  
 
 0  0  2  3  3  3  6  7  
  1  1  3  3  3  6  7  0  
  2  3  3  3  6  7  0  0  
  3  3  3  6  7  0  0  0  
  4  4  4  7  0  0  0  0  
  5  5  7  0  0  0  0  0  
  6  6  0  0  0  0  0  0  
  7  0  0  0  0  0  0  0  
 
d=8, s=0, k = 6, fl=5, ss=6, sl=1, l1=3,l2=1, F[M[s][fl]][ss] = 1
 1  1  2  3  3  3  4  4  
  1  1  2  2  2  3  3  0  
  1  2  2  2  3  3  0  0  
  1  1  1  2  2  0  0  0  
  1  1  1  2  0  0  0  0  
  1  1  2  0  0  0  0  0  
  1  1  0  0  0  0  0  0  
  1  0  0  0  0  0  0  0  
 
 0  0  2  3  3  3  6  7  
  1  1  3  3  3  6  7  0  
  2  3  3  3  6  7  0  0  
  3  3  3  6  7  0  0  0  
  4  4  4  7  0  0  0  0  
  5  5  7  0  0  0  0  0  
  6  6  0  0  0  0  0  0  
  7  0  0  0  0  0  0  0  
 
d=8, s=0, k = 7, fl=6, ss=7, sl=0, l1=4,l2=1, F[M[s][fl]][ss] = 0
 1  1  2  3  3  3  4  4  
  1  1  2  2  2  3  3  0  
  1  2  2  2  3  3  0  0  
  1  1  1  2  2  0  0  0  
  1  1  1  2  0  0  0  0  
  1  1  2  0  0  0  0  0  
  1  1  0  0  0  0  0  0  
  1  0  0  0  0  0  0  0  
 
 0  0  2  3  3  3  6  7  
  1  1  3  3  3  6  7  0  
  2  3  3  3  6  7  0  0  
  3  3  3  6  7  0  0  0  
  4  4  4  7  0  0  0  0  
  5  5  7  0  0  0  0  0  
  6  6  0  0  0  0  0  0  
  7  0  0  0  0  0  0  0  
 
longest 4
